# archive/tar
# archive/zip
# bufio
# bufio
# bytes
# bytes
# cmd/addr2line
# cmd/api
# cmd/asm
# cmd/asm
# cmd/asm
# cmd/asm/internal/arch
# cmd/asm/internal/arch
# cmd/asm/internal/asm
# cmd/asm/internal/asm
# cmd/asm/internal/flags
# cmd/asm/internal/flags
# cmd/asm/internal/lex
# cmd/asm/internal/lex
# cmd/buildid
# cmd/cgo
# cmd/cgo
# cmd/cgo
# cmd/compile
# cmd/compile
# cmd/compile
# cmd/compile/internal/amd64
# cmd/compile/internal/amd64
# cmd/compile/internal/arm
# cmd/compile/internal/arm
# cmd/compile/internal/arm64
# cmd/compile/internal/arm64
# cmd/compile/internal/gc
# cmd/compile/internal/gc
# cmd/compile/internal/mips
# cmd/compile/internal/mips
# cmd/compile/internal/mips64
# cmd/compile/internal/mips64
# cmd/compile/internal/ppc64
# cmd/compile/internal/ppc64
# cmd/compile/internal/s390x
# cmd/compile/internal/s390x
# cmd/compile/internal/ssa
# cmd/compile/internal/ssa
# cmd/compile/internal/syntax
# cmd/compile/internal/syntax
# cmd/compile/internal/test
# cmd/compile/internal/types
# cmd/compile/internal/types
# cmd/compile/internal/wasm
# cmd/compile/internal/wasm
# cmd/compile/internal/x86
# cmd/compile/internal/x86
# cmd/cover
# cmd/dist
# cmd/doc
# cmd/fix
# cmd/go
# cmd/go/internal/base
# cmd/go/internal/bug
# cmd/go/internal/cache
# cmd/go/internal/cfg
# cmd/go/internal/clean
# cmd/go/internal/cmdflag
# cmd/go/internal/dirhash
# cmd/go/internal/doc
# cmd/go/internal/envcmd
# cmd/go/internal/fix
# cmd/go/internal/fmtcmd
# cmd/go/internal/generate
# cmd/go/internal/get
# cmd/go/internal/help
# cmd/go/internal/imports
# cmd/go/internal/list
# cmd/go/internal/load
# cmd/go/internal/modcmd
# cmd/go/internal/modconv
# cmd/go/internal/modfetch
# cmd/go/internal/modfetch/codehost
# cmd/go/internal/modfile
# cmd/go/internal/modget
# cmd/go/internal/modinfo
# cmd/go/internal/modload
# cmd/go/internal/module
# cmd/go/internal/mvs
# cmd/go/internal/par
# cmd/go/internal/run
# cmd/go/internal/search
# cmd/go/internal/semver
# cmd/go/internal/str
# cmd/go/internal/test
# cmd/go/internal/tool
# cmd/go/internal/txtar
# cmd/go/internal/version
# cmd/go/internal/vet
# cmd/go/internal/web
# cmd/go/internal/web2
# cmd/go/internal/webtest
# cmd/go/internal/work
# cmd/gofmt
# cmd/internal/bio
# cmd/internal/bio
# cmd/internal/browser
# cmd/internal/buildid
# cmd/internal/dwarf
# cmd/internal/dwarf
# cmd/internal/edit
# cmd/internal/edit
# cmd/internal/gcprog
# cmd/internal/gcprog
# cmd/internal/goobj
# cmd/internal/obj
# cmd/internal/obj
# cmd/internal/obj/arm
# cmd/internal/obj/arm
# cmd/internal/obj/arm64
# cmd/internal/obj/arm64
# cmd/internal/obj/mips
# cmd/internal/obj/mips
# cmd/internal/obj/ppc64
# cmd/internal/obj/ppc64
# cmd/internal/obj/s390x
# cmd/internal/obj/s390x
# cmd/internal/obj/wasm
# cmd/internal/obj/wasm
# cmd/internal/obj/x86
# cmd/internal/obj/x86
# cmd/internal/objabi
# cmd/internal/objabi
# cmd/internal/objfile
# cmd/internal/src
# cmd/internal/src
# cmd/internal/sys
# cmd/internal/sys
# cmd/internal/test2json
# cmd/internal/xcoff
# cmd/internal/xcoff
# cmd/link
# cmd/link
# cmd/link
# cmd/link/internal/amd64
# cmd/link/internal/amd64
# cmd/link/internal/arm
# cmd/link/internal/arm
# cmd/link/internal/arm64
# cmd/link/internal/arm64
# cmd/link/internal/ld
# cmd/link/internal/ld
# cmd/link/internal/loadelf
# cmd/link/internal/loadelf
# cmd/link/internal/loadmacho
# cmd/link/internal/loadmacho
# cmd/link/internal/loadpe
# cmd/link/internal/loadpe
# cmd/link/internal/loadxcoff
# cmd/link/internal/loadxcoff
# cmd/link/internal/mips
# cmd/link/internal/mips
# cmd/link/internal/mips64
# cmd/link/internal/mips64
# cmd/link/internal/objfile
# cmd/link/internal/objfile
# cmd/link/internal/ppc64
# cmd/link/internal/ppc64
# cmd/link/internal/s390x
# cmd/link/internal/s390x
# cmd/link/internal/sym
# cmd/link/internal/sym
# cmd/link/internal/wasm
# cmd/link/internal/wasm
# cmd/link/internal/x86
# cmd/link/internal/x86
# cmd/nm
# cmd/objdump
# cmd/pack
# cmd/pprof
# cmd/test2json
# cmd/trace
# cmd/vendor/github.com/google/pprof/driver
# cmd/vendor/github.com/google/pprof/internal/binutils
# cmd/vendor/github.com/google/pprof/internal/driver
# cmd/vendor/github.com/google/pprof/internal/elfexec
# cmd/vendor/github.com/google/pprof/internal/graph
# cmd/vendor/github.com/google/pprof/internal/measurement
# cmd/vendor/github.com/google/pprof/internal/plugin
# cmd/vendor/github.com/google/pprof/internal/proftest
# cmd/vendor/github.com/google/pprof/internal/report
# cmd/vendor/github.com/google/pprof/internal/symbolizer
# cmd/vendor/github.com/google/pprof/internal/symbolz
# cmd/vendor/github.com/google/pprof/internal/transport
# cmd/vendor/github.com/google/pprof/profile
# cmd/vendor/github.com/google/pprof/third_party/d3
# cmd/vendor/github.com/google/pprof/third_party/d3flamegraph
# cmd/vendor/github.com/google/pprof/third_party/svgpan
# cmd/vendor/github.com/ianlancetaylor/demangle
# cmd/vendor/golang.org/x/arch/arm/armasm
# cmd/vendor/golang.org/x/arch/arm64/arm64asm
# cmd/vendor/golang.org/x/arch/ppc64/ppc64asm
# cmd/vendor/golang.org/x/arch/x86/x86asm
# cmd/vendor/golang.org/x/crypto/ssh/terminal
# cmd/vendor/golang.org/x/sys/unix
# cmd/vendor/golang.org/x/sys/windows
# cmd/vendor/golang.org/x/sys/windows/registry
# cmd/vendor/golang.org/x/tools/go/analysis
# cmd/vendor/golang.org/x/tools/go/analysis/internal/analysisflags
# cmd/vendor/golang.org/x/tools/go/analysis/internal/facts
# cmd/vendor/golang.org/x/tools/go/analysis/passes/asmdecl
# cmd/vendor/golang.org/x/tools/go/analysis/passes/assign
# cmd/vendor/golang.org/x/tools/go/analysis/passes/atomic
# cmd/vendor/golang.org/x/tools/go/analysis/passes/bools
# cmd/vendor/golang.org/x/tools/go/analysis/passes/buildtag
# cmd/vendor/golang.org/x/tools/go/analysis/passes/cgocall
# cmd/vendor/golang.org/x/tools/go/analysis/passes/composite
# cmd/vendor/golang.org/x/tools/go/analysis/passes/copylock
# cmd/vendor/golang.org/x/tools/go/analysis/passes/ctrlflow
# cmd/vendor/golang.org/x/tools/go/analysis/passes/httpresponse
# cmd/vendor/golang.org/x/tools/go/analysis/passes/inspect
# cmd/vendor/golang.org/x/tools/go/analysis/passes/internal/analysisutil
# cmd/vendor/golang.org/x/tools/go/analysis/passes/loopclosure
# cmd/vendor/golang.org/x/tools/go/analysis/passes/lostcancel
# cmd/vendor/golang.org/x/tools/go/analysis/passes/nilfunc
# cmd/vendor/golang.org/x/tools/go/analysis/passes/pkgfact
# cmd/vendor/golang.org/x/tools/go/analysis/passes/printf
# cmd/vendor/golang.org/x/tools/go/analysis/passes/shift
# cmd/vendor/golang.org/x/tools/go/analysis/passes/stdmethods
# cmd/vendor/golang.org/x/tools/go/analysis/passes/structtag
# cmd/vendor/golang.org/x/tools/go/analysis/passes/tests
# cmd/vendor/golang.org/x/tools/go/analysis/passes/unmarshal
# cmd/vendor/golang.org/x/tools/go/analysis/passes/unreachable
# cmd/vendor/golang.org/x/tools/go/analysis/passes/unsafeptr
# cmd/vendor/golang.org/x/tools/go/analysis/passes/unusedresult
# cmd/vendor/golang.org/x/tools/go/analysis/unitchecker
# cmd/vendor/golang.org/x/tools/go/ast/astutil
# cmd/vendor/golang.org/x/tools/go/ast/inspector
# cmd/vendor/golang.org/x/tools/go/cfg
# cmd/vendor/golang.org/x/tools/go/types/objectpath
# cmd/vendor/golang.org/x/tools/go/types/typeutil
# cmd/vet
# compress/bzip2
# compress/flate
# compress/flate
# compress/gzip
# compress/gzip
# compress/lzw
# compress/zlib
# compress/zlib
# container/heap
# container/heap
# container/list
# container/ring
# context
# context
# crypto
# crypto
# crypto/aes
# crypto/cipher
# crypto/des
# crypto/dsa
# crypto/ecdsa
# crypto/elliptic
# crypto/hmac
# crypto/internal/randutil
# crypto/internal/subtle
# crypto/md5
# crypto/md5
# crypto/rand
# crypto/rc4
# crypto/rsa
# crypto/sha1
# crypto/sha1
# crypto/sha256
# crypto/sha256
# crypto/sha512
# crypto/subtle
# crypto/tls
# crypto/x509
# crypto/x509/pkix
# database/sql
# database/sql/driver
# debug/dwarf
# debug/dwarf
# debug/elf
# debug/elf
# debug/gosym
# debug/macho
# debug/macho
# debug/pe
# debug/pe
# debug/plan9obj
# encoding
# encoding
# encoding/ascii85
# encoding/asn1
# encoding/base32
# encoding/base64
# encoding/base64
# encoding/binary
# encoding/binary
# encoding/csv
# encoding/gob
# encoding/hex
# encoding/hex
# encoding/json
# encoding/json
# encoding/pem
# encoding/xml
# errors
# errors
# expvar
# flag
# flag
# fmt
# fmt
# go/ast
# go/ast
# go/build
# go/build
# go/constant
# go/doc
# go/doc
# go/format
# go/importer
# go/internal/gccgoimporter
# go/internal/gcimporter
# go/internal/srcimporter
# go/parser
# go/parser
# go/printer
# go/printer
# go/scanner
# go/scanner
# go/token
# go/token
# go/types
# hash
# hash
# hash/adler32
# hash/adler32
# hash/crc32
# hash/crc32
# hash/crc64
# hash/fnv
# html
# html
# html/template
# image
# image/color
# image/color/palette
# image/draw
# image/gif
# image/internal/imageutil
# image/jpeg
# image/png
# index/suffixarray
# internal/bytealg
# internal/bytealg
# internal/cpu
# internal/cpu
# internal/fmtsort
# internal/fmtsort
# internal/goroot
# internal/goroot
# internal/nettrace
# internal/poll
# internal/poll
# internal/race
# internal/race
# internal/singleflight
# internal/syscall/unix
# internal/syscall/unix
# internal/syscall/windows
# internal/syscall/windows/registry
# internal/syscall/windows/sysdll
# internal/testenv
# internal/testlog
# internal/testlog
# internal/trace
# io
# io
# io/ioutil
# io/ioutil
# log
# log
# log/syslog
# math
# math
# math/big
# math/big
# math/bits
# math/bits
# math/cmplx
# math/rand
# math/rand
# mime
# mime/multipart
# mime/quotedprintable
# net
# net/http
# net/http/cgi
# net/http/cookiejar
# net/http/fcgi
# net/http/httptest
# net/http/httptrace
# net/http/httputil
# net/http/internal
# net/http/pprof
# net/internal/socktest
# net/mail
# net/rpc
# net/rpc/jsonrpc
# net/smtp
# net/textproto
# net/url
# net/url
# os
# os
# os/exec
# os/exec
# os/signal
# os/signal/internal/pty
# os/user
# path
# path
# path/filepath
# path/filepath
# plugin
# reflect
# reflect
# regexp
# regexp
# regexp/syntax
# regexp/syntax
# runtime
# runtime
# runtime/cgo
# runtime/debug
# runtime/debug
# runtime/internal/atomic
# runtime/internal/atomic
# runtime/internal/math
# runtime/internal/math
# runtime/internal/sys
# runtime/internal/sys
# runtime/pprof
# runtime/pprof
# runtime/pprof/internal/profile
# runtime/race
# runtime/trace
# runtime/trace
# sort
# sort
# strconv
# strconv
# strings
# strings
# sync
# sync
# sync/atomic
# sync/atomic
# syscall
# syscall
# testing
# testing/internal/testdeps
# testing/iotest
# testing/quick
# text/scanner
# text/scanner
# text/tabwriter
# text/tabwriter
# text/template
# text/template
# text/template/parse
# text/template/parse
# time
# time
# unicode
# unicode
# unicode/utf16
# unicode/utf16
# unicode/utf8
# unicode/utf8
# vendor/golang_org/x/crypto/chacha20poly1305
# vendor/golang_org/x/crypto/cryptobyte
# vendor/golang_org/x/crypto/cryptobyte/asn1
# vendor/golang_org/x/crypto/curve25519
# vendor/golang_org/x/crypto/hkdf
# vendor/golang_org/x/crypto/internal/chacha20
# vendor/golang_org/x/crypto/poly1305
# vendor/golang_org/x/net/dns/dnsmessage
# vendor/golang_org/x/net/http/httpguts
# vendor/golang_org/x/net/http/httpproxy
# vendor/golang_org/x/net/http2/hpack
# vendor/golang_org/x/net/idna
# vendor/golang_org/x/net/internal/nettest
# vendor/golang_org/x/net/nettest
# vendor/golang_org/x/net/route
# vendor/golang_org/x/text/secure
# vendor/golang_org/x/text/secure/bidirule
# vendor/golang_org/x/text/transform
# vendor/golang_org/x/text/unicode
# vendor/golang_org/x/text/unicode/bidi
# vendor/golang_org/x/text/unicode/norm
---
Building Go bootstrap cmd/go (go_bootstrap) using Go toolchain1.
Building Go cmd/dist using /usr/local/Cellar/go/1.10.1/libexec.
Building Go toolchain1 using /usr/local/Cellar/go/1.10.1/libexec.
Building Go toolchain2 using go_bootstrap and Go toolchain1.
Building Go toolchain3 using go_bootstrap and Go toolchain2.
Building packages and commands for darwin/amd64.
Installed Go for darwin/amd64 in /Users/whit537/workbench/go/src/github.com/golang/go
Installed commands in /Users/whit537/workbench/go/src/github.com/golang/go/bin
src/archive/tar/common.go ErrHeader (= CALLFUNC), ErrWriteTooLong (= CALLFUNC), ErrFieldTooLong (= CALLFUNC), ErrWriteAfterClose (= CALLFUNC), errMissData (= CALLFUNC), errUnrefData (= CALLFUNC), errWriteHole (= CALLFUNC), basicKeys (= MAPLIT), formatNames (= MAPLIT)
src/archive/zip/reader.go ErrFormat (= CALLFUNC), ErrAlgorithm (= CALLFUNC), ErrChecksum (= CALLFUNC), errLongName (= CALLFUNC), errLongExtra (= CALLFUNC)
src/archive/zip/reader.go ErrFormat (= CALLFUNC), ErrAlgorithm (= CALLFUNC), ErrChecksum (= CALLFUNC), errLongName (= CALLFUNC), errLongExtra (= CALLFUNC)
src/bufio/bufio.go ErrInvalidUnreadByte (= CALLFUNC), ErrInvalidUnreadRune (= CALLFUNC), ErrBufferFull (= CALLFUNC), ErrNegativeCount (= CALLFUNC), errNegativeRead (= CALLFUNC), errNegativeWrite (= CALLFUNC), ErrTooLong (= CALLFUNC), ErrNegativeAdvance (= CALLFUNC), ErrAdvanceTooFar (= CALLFUNC), ErrFinalToken (= CALLFUNC)
src/bufio/bufio.go ErrInvalidUnreadByte (= CALLFUNC), ErrInvalidUnreadRune (= CALLFUNC), ErrBufferFull (= CALLFUNC), ErrNegativeCount (= CALLFUNC), errNegativeRead (= CALLFUNC), errNegativeWrite (= CALLFUNC), ErrTooLong (= CALLFUNC), ErrNegativeAdvance (= CALLFUNC), ErrAdvanceTooFar (= CALLFUNC), ErrFinalToken (= CALLFUNC)
src/bufio/bufio.go ErrInvalidUnreadByte (= CALLFUNC), ErrInvalidUnreadRune (= CALLFUNC), ErrBufferFull (= CALLFUNC), ErrNegativeCount (= CALLFUNC), errNegativeRead (= CALLFUNC), errNegativeWrite (= CALLFUNC), ErrTooLong (= CALLFUNC), ErrNegativeAdvance (= CALLFUNC), ErrAdvanceTooFar (= CALLFUNC), ErrFinalToken (= CALLFUNC)
src/bytes/buffer.go ErrTooLarge (= CALLFUNC), errNegativeRead (= CALLFUNC)
src/bytes/buffer.go ErrTooLarge (= CALLFUNC), errNegativeRead (= CALLFUNC)
src/bytes/buffer.go ErrTooLarge (= CALLFUNC), errNegativeRead (= CALLFUNC)
src/cmd/addr2line/main.go 
src/cmd/api/goapi.go checkFile (= CALLFUNC), allowNew (= CALLFUNC), exceptFile (= CALLFUNC), nextFile (= CALLFUNC), verbose (= CALLFUNC), forceCtx (= CALLFUNC), internalPkg (= CALLFUNC), spaceParensRx (= CALLFUNC), fset (= CALLFUNC), parsedFileCache (= MAKEMAP), pkgCache (= MAPLIT), pkgTags (= MAPLIT)
src/cmd/asm/doc.go 
src/cmd/asm/doc.go 
src/cmd/asm/doc.go 
src/cmd/asm/internal/arch/arch.go armLS (= MAPLIT), armSCOND (= MAPLIT), armJump (= MAPLIT), arm64LS (= MAPLIT), arm64Jump (= MAPLIT)
src/cmd/asm/internal/arch/arch.go armLS (= MAPLIT), armSCOND (= MAPLIT), armJump (= MAPLIT), arm64LS (= MAPLIT), arm64Jump (= MAPLIT)
src/cmd/asm/internal/asm/asm.go EOF (= CALLFUNC)
src/cmd/asm/internal/asm/asm.go EOF (= CALLFUNC)
src/cmd/asm/internal/flags/flags.go Debug (= CALLFUNC), OutputFile (= CALLFUNC), PrintOut (= CALLFUNC), TrimPath (= CALLFUNC), Shared (= CALLFUNC), Dynlink (= CALLFUNC), AllErrors (= CALLFUNC), SymABIs (= CALLFUNC)
src/cmd/asm/internal/flags/flags.go Debug (= CALLFUNC), OutputFile (= CALLFUNC), PrintOut (= CALLFUNC), TrimPath (= CALLFUNC), Shared (= CALLFUNC), Dynlink (= CALLFUNC), AllErrors (= CALLFUNC), SymABIs (= CALLFUNC)
src/cmd/asm/internal/lex/input.go 
src/cmd/asm/internal/lex/input.go 
src/cmd/buildid/buildid.go wflag (= CALLFUNC)
src/cmd/cgo/ast.go debugDefine (= CALLFUNC), debugGcc (= CALLFUNC), nameToC (= MAPLIT), typedef (= MAKEMAP), goIdent (= MAKEMAP), unionWithPointer (= MAKEMAP), dwarfToName (= MAPLIT), jniTypes (= MAPLIT), ptrSizeMap (= MAPLIT), intSizeMap (= MAPLIT), fset (= CALLFUNC), dynobj (= CALLFUNC), dynout (= CALLFUNC), dynpackage (= CALLFUNC), dynlinker (= CALLFUNC), godefs (= CALLFUNC), srcDir (= CALLFUNC), objDir (= CALLFUNC), importPath (= CALLFUNC), exportHeader (= CALLFUNC), gccgo (= CALLFUNC), gccgoprefix (= CALLFUNC), gccgopkgpath (= CALLFUNC), importRuntimeCgo (= CALLFUNC), importSyscall (= CALLFUNC), isBuiltin (= MAPLIT), goTypes (= MAPLIT), builtinDefs (= MAPLIT)
src/cmd/cgo/ast.go debugDefine (= CALLFUNC), debugGcc (= CALLFUNC), nameToC (= MAPLIT), typedef (= MAKEMAP), goIdent (= MAKEMAP), unionWithPointer (= MAKEMAP), dwarfToName (= MAPLIT), jniTypes (= MAPLIT), ptrSizeMap (= MAPLIT), intSizeMap (= MAPLIT), fset (= CALLFUNC), dynobj (= CALLFUNC), dynout (= CALLFUNC), dynpackage (= CALLFUNC), dynlinker (= CALLFUNC), godefs (= CALLFUNC), srcDir (= CALLFUNC), objDir (= CALLFUNC), importPath (= CALLFUNC), exportHeader (= CALLFUNC), gccgo (= CALLFUNC), gccgoprefix (= CALLFUNC), gccgopkgpath (= CALLFUNC), importRuntimeCgo (= CALLFUNC), importSyscall (= CALLFUNC), isBuiltin (= MAPLIT), goTypes (= MAPLIT), builtinDefs (= MAPLIT)
src/cmd/cgo/ast.go debugDefine (= CALLFUNC), debugGcc (= CALLFUNC), nameToC (= MAPLIT), typedef (= MAKEMAP), goIdent (= MAKEMAP), unionWithPointer (= MAKEMAP), dwarfToName (= MAPLIT), jniTypes (= MAPLIT), ptrSizeMap (= MAPLIT), intSizeMap (= MAPLIT), fset (= CALLFUNC), dynobj (= CALLFUNC), dynout (= CALLFUNC), dynpackage (= CALLFUNC), dynlinker (= CALLFUNC), godefs (= CALLFUNC), srcDir (= CALLFUNC), objDir (= CALLFUNC), importPath (= CALLFUNC), exportHeader (= CALLFUNC), gccgo (= CALLFUNC), gccgoprefix (= CALLFUNC), gccgopkgpath (= CALLFUNC), importRuntimeCgo (= CALLFUNC), importSyscall (= CALLFUNC), isBuiltin (= MAPLIT), goTypes (= MAPLIT), builtinDefs (= MAPLIT)
src/cmd/compile/doc.go archInits (= MAPLIT)
src/cmd/compile/doc.go archInits (= MAPLIT)
src/cmd/compile/doc.go archInits (= MAPLIT)
src/cmd/compile/internal/amd64/galign.go isPlan9 (= ==)
src/cmd/compile/internal/amd64/galign.go isPlan9 (= ==)
src/cmd/compile/internal/arm/galign.go condBits (= MAPLIT), blockJump (= MAPLIT)
src/cmd/compile/internal/arm/galign.go condBits (= MAPLIT), blockJump (= MAPLIT)
src/cmd/compile/internal/arm64/galign.go darwin (= ==), condBits (= MAPLIT), blockJump (= MAPLIT)
src/cmd/compile/internal/arm64/galign.go darwin (= ==), condBits (= MAPLIT), blockJump (= MAPLIT)
src/cmd/compile/internal/gc/alg.go numImport (= MAKEMAP), sharedProgArray (= new), declImporter (= MAPLIT), inlineImporter (= MAPLIT), importMap (= MAPLIT), goVersionRE (= CALLFUNC), allowedStdPragmas (= MAPLIT), prealloc (= MAPLIT), signatset (= MAKEMAP), typepkg (= CALLFUNC), inittemps (= MAKEMAP), opToSSA (= MAPLIT), fpConvOpToSSA (= MAPLIT), fpConvOpToSSA32 (= MAPLIT), uint64fpConvOpToSSA (= MAPLIT), shiftOpToSSA (= MAPLIT), dotlist (= MAKESLICE), dotField (= MAPLIT), mapaccess1 (= CALLFUNC), mapaccess2 (= CALLFUNC), mapassign (= CALLFUNC), mapdelete (= CALLFUNC)
src/cmd/compile/internal/gc/alg.go numImport (= MAKEMAP), sharedProgArray (= new), declImporter (= MAPLIT), inlineImporter (= MAPLIT), importMap (= MAPLIT), goVersionRE (= CALLFUNC), allowedStdPragmas (= MAPLIT), prealloc (= MAPLIT), signatset (= MAKEMAP), typepkg (= CALLFUNC), inittemps (= MAKEMAP), opToSSA (= MAPLIT), fpConvOpToSSA (= MAPLIT), fpConvOpToSSA32 (= MAPLIT), uint64fpConvOpToSSA (= MAPLIT), shiftOpToSSA (= MAPLIT), dotlist (= MAKESLICE), dotField (= MAPLIT), mapaccess1 (= CALLFUNC), mapaccess2 (= CALLFUNC), mapassign (= CALLFUNC), mapdelete (= CALLFUNC)
src/cmd/compile/internal/mips/galign.go blockJump (= MAPLIT)
src/cmd/compile/internal/mips/galign.go blockJump (= MAPLIT)
src/cmd/compile/internal/mips64/galign.go blockJump (= MAPLIT)
src/cmd/compile/internal/mips64/galign.go blockJump (= MAPLIT)
src/cmd/compile/internal/ppc64/galign.go iselOps (= MAPLIT)
src/cmd/compile/internal/ppc64/galign.go iselOps (= MAPLIT)
src/cmd/compile/internal/s390x/galign.go 
src/cmd/compile/internal/s390x/galign.go 
src/cmd/compile/internal/ssa/biasedsparsemap.go opMax (= MAPLIT), opUMax (= MAPLIT), opMin (= MAPLIT), domainRelationTable (= MAPLIT), ctzNonZeroOp (= MAPLIT), mostNegativeDividend (= MAPLIT), opCmpLoadMap (= MAPLIT), passes (= ==)
src/cmd/compile/internal/ssa/biasedsparsemap.go opMax (= MAPLIT), opUMax (= MAPLIT), opMin (= MAPLIT), domainRelationTable (= MAPLIT), ctzNonZeroOp (= MAPLIT), mostNegativeDividend (= MAPLIT), opCmpLoadMap (= MAPLIT), passes (= ==)
src/cmd/compile/internal/syntax/branches.go invalid (= new)
src/cmd/compile/internal/syntax/branches.go invalid (= new)
src/cmd/compile/internal/test/test.go 
src/cmd/compile/internal/types/etype_string.go pkgMap (= MAKEMAP), statictmp_1 (= MAKEMAP), internedStrings (= MAPLIT), Idealint (= CALLFUNC), Idealrune (= CALLFUNC), Idealfloat (= CALLFUNC), Idealcomplex (= CALLFUNC), TypeInvalid (= CALLFUNC), TypeMem (= CALLFUNC), TypeFlags (= CALLFUNC), TypeVoid (= CALLFUNC), TypeInt128 (= CALLFUNC)
src/cmd/compile/internal/types/etype_string.go pkgMap (= MAKEMAP), statictmp_1 (= MAKEMAP), internedStrings (= MAPLIT), Idealint (= CALLFUNC), Idealrune (= CALLFUNC), Idealfloat (= CALLFUNC), Idealcomplex (= CALLFUNC), TypeInvalid (= CALLFUNC), TypeMem (= CALLFUNC), TypeFlags (= CALLFUNC), TypeVoid (= CALLFUNC), TypeInt128 (= CALLFUNC)
src/cmd/compile/internal/wasm/ssa.go 
src/cmd/compile/internal/wasm/ssa.go 
src/cmd/compile/internal/x86/387.go 
src/cmd/compile/internal/x86/387.go 
src/cmd/cover/cover.go mode (= CALLFUNC), varVar (= CALLFUNC), output (= CALLFUNC), htmlOut (= CALLFUNC), funcOut (= CALLFUNC), htmlTemplate (= CALLFUNC), lineRe (= CALLFUNC)
src/cmd/dist/build.go dying (= MAKECHAN), cgoEnabled (= MAPLIT), installed (= MAKEMAP), timeLogEnabled (= !=), ssaRewriteFileSubstring (= CALLFUNC), errSyntax (= CALLFUNC), errNUL (= CALLFUNC), bgwork (= MAKECHAN), commands (= MAPLIT)
src/cmd/doc/dirs.go buildCtx (= NAME)
src/cmd/fix/cftype.go fset (= CALLFUNC), posType (= CALLFUNC), allowedRewrites (= CALLFUNC), forceRewrites (= CALLFUNC), doDiff (= CALLFUNC)
src/cmd/go/alldocs.go 
src/cmd/go/alldocs.go 
src/cmd/go/internal/base/base.go knownFlag (= MAKEMAP), Cwd (= CALLFUNC), Interrupted (= MAKECHAN), statictmp_1 (= NAME), ToolIsWindows (= ==), ToolDir (= NAME)
src/cmd/go/internal/base/base.go knownFlag (= MAKEMAP), Cwd (= CALLFUNC), Interrupted (= MAKECHAN), statictmp_1 (= NAME), ToolIsWindows (= ==), ToolDir (= NAME)
src/cmd/go/internal/bug/bug.go 
src/cmd/go/internal/bug/bug.go 
src/cmd/go/internal/cache/cache.go errMissing (= CALLFUNC), hashSalt (= STR2BYTES)
src/cmd/go/internal/cache/cache.go errMissing (= CALLFUNC), hashSalt (= STR2BYTES)
src/cmd/go/internal/cfg/cfg.go BuildContext (= CALLFUNC), BuildP (= CALLFUNC), Goarch (= DOT), Goos (= DOT), Gopath (= CALLFUNC), GOROOT (= CALLFUNC), GOBIN (= CALLFUNC), GOROOTbin (= CALLFUNC), GOROOTpkg (= CALLFUNC), GOROOTsrc (= CALLFUNC), GOROOT_FINAL (= CALLFUNC), GOARM (= CALLFUNC), GO386 (= NAME), GOMIPS (= NAME), GOMIPS64 (= NAME), OSArchSupportsCgo (= MAPLIT)
src/cmd/go/internal/cfg/cfg.go BuildContext (= CALLFUNC), BuildP (= CALLFUNC), Goarch (= DOT), Goos (= DOT), Gopath (= CALLFUNC), GOROOT (= CALLFUNC), GOBIN (= CALLFUNC), GOROOTbin (= CALLFUNC), GOROOTpkg (= CALLFUNC), GOROOTsrc (= CALLFUNC), GOROOT_FINAL (= CALLFUNC), GOARM (= CALLFUNC), GO386 (= NAME), GOMIPS (= NAME), GOMIPS64 (= NAME), OSArchSupportsCgo (= MAPLIT)
src/cmd/go/internal/clean/clean.go cleaned (= MAPLIT), cleanDir (= MAPLIT), cleanFile (= MAPLIT), cleanExt (= MAPLIT)
src/cmd/go/internal/clean/clean.go cleaned (= MAPLIT), cleanDir (= MAPLIT), cleanFile (= MAPLIT), cleanExt (= MAPLIT)
src/cmd/go/internal/cmdflag/flag.go 
src/cmd/go/internal/cmdflag/flag.go 
src/cmd/go/internal/dirhash/hash.go 
src/cmd/go/internal/dirhash/hash.go 
src/cmd/go/internal/doc/doc.go 
src/cmd/go/internal/doc/doc.go 
src/cmd/go/internal/envcmd/env.go envJson (= CALLMETH)
src/cmd/go/internal/envcmd/env.go envJson (= CALLMETH)
src/cmd/go/internal/fix/fix.go 
src/cmd/go/internal/fix/fix.go 
src/cmd/go/internal/fmtcmd/fmt.go 
src/cmd/go/internal/fmtcmd/fmt.go 
src/cmd/go/internal/generate/generate.go stop (= CALLFUNC)
src/cmd/go/internal/generate/generate.go stop (= CALLFUNC)
src/cmd/go/internal/get/discovery.go statictmp_6 (= +), getD (= CALLMETH), getF (= CALLMETH), getT (= CALLMETH), getU (= CALLMETH), getFix (= CALLMETH), downloadCache (= MAPLIT), downloadRootCache (= MAPLIT), defaultSecureScheme (= MAPLIT), scpSyntaxRe (= CALLFUNC), statictmp_34 (= +), httpPrefixRE (= CALLFUNC), errUnknownSite (= CALLFUNC), fetchCache (= MAPLIT)
src/cmd/go/internal/get/discovery.go statictmp_6 (= +), getD (= CALLMETH), getF (= CALLMETH), getT (= CALLMETH), getU (= CALLMETH), getFix (= CALLMETH), downloadCache (= MAPLIT), downloadRootCache (= MAPLIT), defaultSecureScheme (= MAPLIT), scpSyntaxRe (= CALLFUNC), statictmp_34 (= +), httpPrefixRE (= CALLFUNC), errUnknownSite (= CALLFUNC), fetchCache (= MAPLIT)
src/cmd/go/internal/help/help.go documentationTemplate (= +)
src/cmd/go/internal/help/help.go documentationTemplate (= +)
src/cmd/go/internal/imports/build.go KnownOS (= MAKEMAP), KnownArch (= MAKEMAP), errSyntax (= CALLFUNC), errNUL (= CALLFUNC), ErrNoGo (= CALLFUNC)
src/cmd/go/internal/imports/build.go KnownOS (= MAKEMAP), KnownArch (= MAKEMAP), errSyntax (= CALLFUNC), errNUL (= CALLFUNC), ErrNoGo (= CALLFUNC)
src/cmd/go/internal/list/context.go listCompiled (= CALLMETH), listDeps (= CALLMETH), listE (= CALLMETH), listExport (= CALLMETH), listFmt (= CALLMETH), listFind (= CALLMETH), listJson (= CALLMETH), listM (= CALLMETH), listU (= CALLMETH), listTest (= CALLMETH), listVersions (= CALLMETH)
src/cmd/go/internal/list/context.go listCompiled (= CALLMETH), listDeps (= CALLMETH), listE (= CALLMETH), listExport (= CALLMETH), listFmt (= CALLMETH), listFind (= CALLMETH), listJson (= CALLMETH), listM (= CALLMETH), listU (= CALLMETH), listTest (= CALLMETH), listVersions (= CALLMETH)
src/cmd/go/internal/load/flag.go packageCache (= MAPLIT), isDirCache (= MAPLIT), goModPathCache (= MAKEMAP), cgoExclude (= MAPLIT), cgoSyscallExclude (= MAPLIT), foldPath (= MAKEMAP), cmdCache (= MAPLIT), testFileSet (= CALLFUNC), testmainTmpl (= CALLFUNC)
src/cmd/go/internal/load/flag.go packageCache (= MAPLIT), isDirCache (= MAPLIT), goModPathCache (= MAKEMAP), cgoExclude (= MAPLIT), cgoSyscallExclude (= MAPLIT), foldPath (= MAKEMAP), cmdCache (= MAPLIT), testFileSet (= CALLFUNC), testmainTmpl (= CALLFUNC)
src/cmd/go/internal/modcmd/download.go downloadJSON (= CALLMETH), editFmt (= CALLMETH), editGo (= CALLMETH), editJSON (= CALLMETH), editPrint (= CALLMETH), editModule (= CALLMETH), copiedMetadata (= MAKEMAP), whyM (= CALLMETH), whyVendor (= CALLMETH)
src/cmd/go/internal/modcmd/download.go downloadJSON (= CALLMETH), editFmt (= CALLMETH), editGo (= CALLMETH), editJSON (= CALLMETH), editPrint (= CALLMETH), editModule (= CALLMETH), copiedMetadata (= MAKEMAP), whyM (= CALLMETH), whyVendor (= CALLMETH)
src/cmd/go/internal/modconv/convert.go Converters (= MAPLIT)
src/cmd/go/internal/modconv/convert.go Converters (= MAPLIT)
src/cmd/go/internal/modfetch/cache.go errNotCached (= CALLFUNC), proxyURL (= CALLFUNC), pseudoVersionRE (= CALLFUNC)
src/cmd/go/internal/modfetch/cache.go errNotCached (= CALLFUNC), proxyURL (= CALLFUNC), pseudoVersionRE (= CALLFUNC)
src/cmd/go/internal/modfetch/codehost/codehost.go bashQuoter (= CALLFUNC), vcsCmds (= MAPLIT)
src/cmd/go/internal/modfetch/codehost/codehost.go bashQuoter (= CALLFUNC), vcsCmds (= MAPLIT)
src/cmd/go/internal/modfile/gopkgin.go GoVersionRE (= CALLFUNC)
src/cmd/go/internal/modfile/gopkgin.go GoVersionRE (= CALLFUNC)
src/cmd/go/internal/modget/get.go statictmp_1 (= +), getD (= CALLMETH), getF (= CALLMETH), getFix (= CALLMETH), getM (= CALLMETH), getT (= CALLMETH)
src/cmd/go/internal/modget/get.go statictmp_1 (= +), getD (= CALLMETH), getF (= CALLMETH), getFix (= CALLMETH), getM (= CALLMETH), getT (= CALLMETH)
src/cmd/go/internal/modinfo/info.go 
src/cmd/go/internal/modinfo/info.go 
src/cmd/go/internal/modload/build.go nil n.Left on infoStart, _ = hex.DecodeString("3077af0c9274080241e1c107e6d618e6"), nil n.Left on infoEnd, _ = hex.DecodeString("f932433186182072008242104116d8f2"), MustUseModules (= CALLFUNC), gitOriginRE (= CALLFUNC), importCommentRE (= CALLFUNC), anyTags (= MAPLIT), errMissing (= CALLFUNC), ErrRequire (= CALLFUNC)
src/cmd/go/internal/modload/build.go nil n.Left on infoStart, _ = hex.DecodeString("3077af0c9274080241e1c107e6d618e6"), nil n.Left on infoEnd, _ = hex.DecodeString("f932433186182072008242104116d8f2"), MustUseModules (= CALLFUNC), gitOriginRE (= CALLFUNC), importCommentRE (= CALLFUNC), anyTags (= MAPLIT), errMissing (= CALLFUNC), ErrRequire (= CALLFUNC)
src/cmd/go/internal/module/module.go 
src/cmd/go/internal/module/module.go 
src/cmd/go/internal/mvs/mvs.go 
src/cmd/go/internal/mvs/mvs.go 
src/cmd/go/internal/par/work.go 
src/cmd/go/internal/par/work.go 
src/cmd/go/internal/run/run.go 
src/cmd/go/internal/run/run.go 
src/cmd/go/internal/search/search.go 
src/cmd/go/internal/search/search.go 
src/cmd/go/internal/semver/semver.go 
src/cmd/go/internal/semver/semver.go 
src/cmd/go/internal/str/path.go 
src/cmd/go/internal/str/path.go 
src/cmd/go/internal/test/cover.go errBadTestInputs (= CALLFUNC), errFileTooNew (= CALLFUNC), statictmp_23 (= new), statictmp_31 (= new), statictmp_40 (= new)
src/cmd/go/internal/test/cover.go errBadTestInputs (= CALLFUNC), errFileTooNew (= CALLFUNC), statictmp_23 (= new), statictmp_31 (= new), statictmp_40 (= new)
src/cmd/go/internal/tool/tool.go 
src/cmd/go/internal/tool/tool.go 
src/cmd/go/internal/txtar/archive.go 
src/cmd/go/internal/version/version.go 
src/cmd/go/internal/version/version.go 
src/cmd/go/internal/vet/vet.go 
src/cmd/go/internal/vet/vet.go 
src/cmd/go/internal/web/bootstrap.go errHTTP (= CALLFUNC)
src/cmd/go/internal/web/http.go httpClient (= NAME)
src/cmd/go/internal/web2/web.go httpDo (= CALLPART)
src/cmd/go/internal/webtest/test.go mode (= CALLFUNC)
src/cmd/go/internal/work/action.go runtimeVersion (= CALLFUNC), errPrintedOutput (= CALLFUNC), cgoLine (= CALLFUNC), cgoTypeSigRe (= CALLFUNC), origCC (= CALLFUNC), origCXX (= CALLFUNC), cgoRe (= CALLFUNC), statictmp_172 (= CALLFUNC), statictmp_172 (= CALLFUNC), statictmp_172 (= CALLFUNC), statictmp_172 (= CALLFUNC), statictmp_172 (= CALLFUNC), statictmp_172 (= CALLFUNC), statictmp_172 (= CALLFUNC), statictmp_172 (= CALLFUNC), statictmp_172 (= CALLFUNC), statictmp_172 (= CALLFUNC), statictmp_172 (= CALLFUNC), statictmp_172 (= CALLFUNC), statictmp_172 (= CALLFUNC), statictmp_172 (= CALLFUNC), statictmp_172 (= CALLFUNC), statictmp_172 (= CALLFUNC), statictmp_172 (= CALLFUNC), statictmp_172 (= CALLFUNC), statictmp_172 (= CALLFUNC), statictmp_172 (= CALLFUNC), statictmp_172 (= CALLFUNC), statictmp_172 (= CALLFUNC), statictmp_172 (= CALLFUNC), statictmp_172 (= CALLFUNC), statictmp_172 (= CALLFUNC), statictmp_172 (= CALLFUNC), statictmp_172 (= CALLFUNC), statictmp_172 (= CALLFUNC), statictmp_172 (= CALLFUNC), statictmp_172 (= CALLFUNC), statictmp_172 (= CALLFUNC), statictmp_172 (= CALLFUNC), statictmp_172 (= CALLFUNC), statictmp_172 (= CALLFUNC), statictmp_172 (= CALLFUNC), statictmp_172 (= CALLFUNC), statictmp_172 (= CALLFUNC), statictmp_172 (= CALLFUNC), statictmp_172 (= CALLFUNC), statictmp_172 (= CALLFUNC), statictmp_172 (= CALLFUNC), statictmp_172 (= CALLFUNC), statictmp_172 (= CALLFUNC), statictmp_172 (= CALLFUNC), statictmp_172 (= CALLFUNC), statictmp_172 (= CALLFUNC), statictmp_172 (= CALLFUNC), statictmp_172 (= CALLFUNC), statictmp_172 (= CALLFUNC), statictmp_172 (= CALLFUNC), statictmp_172 (= CALLFUNC), statictmp_172 (= CALLFUNC), statictmp_172 (= CALLFUNC), statictmp_172 (= CALLFUNC), statictmp_172 (= CALLFUNC), statictmp_172 (= CALLFUNC), statictmp_172 (= CALLFUNC), statictmp_172 (= CALLFUNC), statictmp_172 (= CALLFUNC), statictmp_172 (= CALLFUNC), statictmp_172 (= CALLFUNC), statictmp_172 (= CALLFUNC), statictmp_172 (= CALLFUNC), statictmp_172 (= CALLFUNC), statictmp_172 (= CALLFUNC), statictmp_172 (= CALLFUNC), statictmp_172 (= CALLFUNC), statictmp_172 (= CALLFUNC), statictmp_172 (= CALLFUNC), statictmp_172 (= CALLFUNC), statictmp_172 (= CALLFUNC), statictmp_172 (= CALLFUNC), statictmp_172 (= CALLFUNC), statictmp_172 (= CALLFUNC), statictmp_172 (= CALLFUNC), statictmp_172 (= CALLFUNC), statictmp_174 (= CALLFUNC), statictmp_174 (= CALLFUNC), statictmp_174 (= CALLFUNC), statictmp_174 (= CALLFUNC), statictmp_174 (= CALLFUNC), statictmp_174 (= CALLFUNC), statictmp_174 (= CALLFUNC), statictmp_174 (= CALLFUNC), statictmp_174 (= CALLFUNC), statictmp_174 (= CALLFUNC), statictmp_174 (= CALLFUNC), statictmp_174 (= CALLFUNC), statictmp_174 (= CALLFUNC), statictmp_174 (= CALLFUNC), statictmp_174 (= CALLFUNC), statictmp_174 (= CALLFUNC), statictmp_174 (= CALLFUNC), statictmp_174 (= CALLFUNC), statictmp_174 (= CALLFUNC), statictmp_174 (= CALLFUNC), statictmp_174 (= CALLFUNC), statictmp_174 (= CALLFUNC), statictmp_174 (= CALLFUNC), statictmp_174 (= CALLFUNC), statictmp_174 (= CALLFUNC), statictmp_174 (= CALLFUNC), statictmp_174 (= CALLFUNC), statictmp_174 (= CALLFUNC), statictmp_174 (= CALLFUNC), statictmp_174 (= CALLFUNC), statictmp_174 (= CALLFUNC), statictmp_174 (= CALLFUNC), statictmp_174 (= CALLFUNC), statictmp_174 (= CALLFUNC), statictmp_174 (= CALLFUNC), statictmp_174 (= CALLFUNC), statictmp_174 (= CALLFUNC), statictmp_174 (= CALLFUNC), statictmp_174 (= CALLFUNC), statictmp_174 (= CALLFUNC), statictmp_174 (= CALLFUNC), statictmp_174 (= CALLFUNC), statictmp_174 (= CALLFUNC), statictmp_174 (= CALLFUNC), statictmp_174 (= CALLFUNC), statictmp_174 (= CALLFUNC), statictmp_174 (= CALLFUNC), statictmp_174 (= CALLFUNC), statictmp_174 (= CALLFUNC), statictmp_174 (= CALLFUNC), statictmp_174 (= CALLFUNC), statictmp_174 (= CALLFUNC), statictmp_174 (= CALLFUNC), statictmp_174 (= CALLFUNC), statictmp_174 (= CALLFUNC)
src/cmd/go/internal/work/action.go runtimeVersion (= CALLFUNC), errPrintedOutput (= CALLFUNC), cgoLine (= CALLFUNC), cgoTypeSigRe (= CALLFUNC), origCC (= CALLFUNC), origCXX (= CALLFUNC), cgoRe (= CALLFUNC), statictmp_172 (= CALLFUNC), statictmp_172 (= CALLFUNC), statictmp_172 (= CALLFUNC), statictmp_172 (= CALLFUNC), statictmp_172 (= CALLFUNC), statictmp_172 (= CALLFUNC), statictmp_172 (= CALLFUNC), statictmp_172 (= CALLFUNC), statictmp_172 (= CALLFUNC), statictmp_172 (= CALLFUNC), statictmp_172 (= CALLFUNC), statictmp_172 (= CALLFUNC), statictmp_172 (= CALLFUNC), statictmp_172 (= CALLFUNC), statictmp_172 (= CALLFUNC), statictmp_172 (= CALLFUNC), statictmp_172 (= CALLFUNC), statictmp_172 (= CALLFUNC), statictmp_172 (= CALLFUNC), statictmp_172 (= CALLFUNC), statictmp_172 (= CALLFUNC), statictmp_172 (= CALLFUNC), statictmp_172 (= CALLFUNC), statictmp_172 (= CALLFUNC), statictmp_172 (= CALLFUNC), statictmp_172 (= CALLFUNC), statictmp_172 (= CALLFUNC), statictmp_172 (= CALLFUNC), statictmp_172 (= CALLFUNC), statictmp_172 (= CALLFUNC), statictmp_172 (= CALLFUNC), statictmp_172 (= CALLFUNC), statictmp_172 (= CALLFUNC), statictmp_172 (= CALLFUNC), statictmp_172 (= CALLFUNC), statictmp_172 (= CALLFUNC), statictmp_172 (= CALLFUNC), statictmp_172 (= CALLFUNC), statictmp_172 (= CALLFUNC), statictmp_172 (= CALLFUNC), statictmp_172 (= CALLFUNC), statictmp_172 (= CALLFUNC), statictmp_172 (= CALLFUNC), statictmp_172 (= CALLFUNC), statictmp_172 (= CALLFUNC), statictmp_172 (= CALLFUNC), statictmp_172 (= CALLFUNC), statictmp_172 (= CALLFUNC), statictmp_172 (= CALLFUNC), statictmp_172 (= CALLFUNC), statictmp_172 (= CALLFUNC), statictmp_172 (= CALLFUNC), statictmp_172 (= CALLFUNC), statictmp_172 (= CALLFUNC), statictmp_172 (= CALLFUNC), statictmp_172 (= CALLFUNC), statictmp_172 (= CALLFUNC), statictmp_172 (= CALLFUNC), statictmp_172 (= CALLFUNC), statictmp_172 (= CALLFUNC), statictmp_172 (= CALLFUNC), statictmp_172 (= CALLFUNC), statictmp_172 (= CALLFUNC), statictmp_172 (= CALLFUNC), statictmp_172 (= CALLFUNC), statictmp_172 (= CALLFUNC), statictmp_172 (= CALLFUNC), statictmp_172 (= CALLFUNC), statictmp_172 (= CALLFUNC), statictmp_172 (= CALLFUNC), statictmp_172 (= CALLFUNC), statictmp_172 (= CALLFUNC), statictmp_172 (= CALLFUNC), statictmp_172 (= CALLFUNC), statictmp_172 (= CALLFUNC), statictmp_172 (= CALLFUNC), statictmp_174 (= CALLFUNC), statictmp_174 (= CALLFUNC), statictmp_174 (= CALLFUNC), statictmp_174 (= CALLFUNC), statictmp_174 (= CALLFUNC), statictmp_174 (= CALLFUNC), statictmp_174 (= CALLFUNC), statictmp_174 (= CALLFUNC), statictmp_174 (= CALLFUNC), statictmp_174 (= CALLFUNC), statictmp_174 (= CALLFUNC), statictmp_174 (= CALLFUNC), statictmp_174 (= CALLFUNC), statictmp_174 (= CALLFUNC), statictmp_174 (= CALLFUNC), statictmp_174 (= CALLFUNC), statictmp_174 (= CALLFUNC), statictmp_174 (= CALLFUNC), statictmp_174 (= CALLFUNC), statictmp_174 (= CALLFUNC), statictmp_174 (= CALLFUNC), statictmp_174 (= CALLFUNC), statictmp_174 (= CALLFUNC), statictmp_174 (= CALLFUNC), statictmp_174 (= CALLFUNC), statictmp_174 (= CALLFUNC), statictmp_174 (= CALLFUNC), statictmp_174 (= CALLFUNC), statictmp_174 (= CALLFUNC), statictmp_174 (= CALLFUNC), statictmp_174 (= CALLFUNC), statictmp_174 (= CALLFUNC), statictmp_174 (= CALLFUNC), statictmp_174 (= CALLFUNC), statictmp_174 (= CALLFUNC), statictmp_174 (= CALLFUNC), statictmp_174 (= CALLFUNC), statictmp_174 (= CALLFUNC), statictmp_174 (= CALLFUNC), statictmp_174 (= CALLFUNC), statictmp_174 (= CALLFUNC), statictmp_174 (= CALLFUNC), statictmp_174 (= CALLFUNC), statictmp_174 (= CALLFUNC), statictmp_174 (= CALLFUNC), statictmp_174 (= CALLFUNC), statictmp_174 (= CALLFUNC), statictmp_174 (= CALLFUNC), statictmp_174 (= CALLFUNC), statictmp_174 (= CALLFUNC), statictmp_174 (= CALLFUNC), statictmp_174 (= CALLFUNC), statictmp_174 (= CALLFUNC), statictmp_174 (= CALLFUNC), statictmp_174 (= CALLFUNC)
src/cmd/gofmt/doc.go list (= CALLFUNC), write (= CALLFUNC), rewriteRule (= CALLFUNC), simplifyAST (= CALLFUNC), doDiff (= CALLFUNC), allErrors (= CALLFUNC), cpuprofile (= CALLFUNC), fileSet (= CALLFUNC), objectPtrNil (= CALLFUNC), scopePtrNil (= CALLFUNC), identType (= CALLFUNC), objectPtrType (= CALLFUNC), positionType (= CALLFUNC), callExprType (= CALLFUNC), scopePtrType (= CALLFUNC)
src/cmd/internal/bio/buf.go 
src/cmd/internal/bio/buf.go 
src/cmd/internal/browser/browser.go 
src/cmd/internal/buildid/buildid.go errBuildIDToolchain (= CALLFUNC), errBuildIDMalformed (= CALLFUNC), errBuildIDUnknown (= CALLFUNC)
src/cmd/internal/buildid/buildid.go errBuildIDToolchain (= CALLFUNC), errBuildIDMalformed (= CALLFUNC), errBuildIDUnknown (= CALLFUNC)
src/cmd/internal/dwarf/dwarf.go 
src/cmd/internal/dwarf/dwarf.go 
src/cmd/internal/edit/edit.go 
src/cmd/internal/edit/edit.go 
src/cmd/internal/gcprog/gcprog.go 
src/cmd/internal/gcprog/gcprog.go 
src/cmd/internal/goobj/read.go errCorruptArchive (= CALLFUNC), errTruncatedArchive (= CALLFUNC), errCorruptObject (= CALLFUNC), errNotObject (= CALLFUNC)
src/cmd/internal/obj/abi_string.go 
src/cmd/internal/obj/abi_string.go 
src/cmd/internal/obj/arm/a.out.go ARMDWARFRegisters (= MAPLIT), unaryDst (= MAPLIT), Linkarm (= NAME), Linkarm (= NAME), Linkarm (= NAME)
src/cmd/internal/obj/arm/a.out.go ARMDWARFRegisters (= MAPLIT), unaryDst (= MAPLIT), Linkarm (= NAME), Linkarm (= NAME), Linkarm (= NAME)
src/cmd/internal/obj/arm64/a.out.go ARM64DWARFRegisters (= MAPLIT), unaryDst (= MAPLIT), Linkarm64 (= NAME), Linkarm64 (= NAME), Linkarm64 (= NAME)
src/cmd/internal/obj/arm64/a.out.go ARM64DWARFRegisters (= MAPLIT), unaryDst (= MAPLIT), Linkarm64 (= NAME), Linkarm64 (= NAME), Linkarm64 (= NAME)
src/cmd/internal/obj/mips/a.out.go MIPSDWARFRegisters (= MAPLIT), Linkmips64 (= NAME), Linkmips64 (= NAME), Linkmips64le (= NAME), Linkmips64le (= NAME), Linkmips (= NAME), Linkmips (= NAME), Linkmipsle (= NAME), Linkmipsle (= NAME)
src/cmd/internal/obj/mips/a.out.go MIPSDWARFRegisters (= MAPLIT), Linkmips64 (= NAME), Linkmips64 (= NAME), Linkmips64le (= NAME), Linkmips64le (= NAME), Linkmips (= NAME), Linkmips (= NAME), Linkmipsle (= NAME), Linkmipsle (= NAME)
src/cmd/internal/obj/ppc64/a.out.go PPC64DWARFRegisters (= MAPLIT), Linkppc64 (= NAME), Linkppc64 (= NAME), Linkppc64le (= NAME), Linkppc64le (= NAME)
src/cmd/internal/obj/ppc64/a.out.go PPC64DWARFRegisters (= MAPLIT), Linkppc64 (= NAME), Linkppc64 (= NAME), Linkppc64le (= NAME), Linkppc64le (= NAME)
src/cmd/internal/obj/s390x/a.out.go S390XDWARFRegisters (= MAPLIT), unaryDst (= MAPLIT), Links390x (= NAME), Links390x (= NAME), Links390x (= NAME)
src/cmd/internal/obj/s390x/a.out.go S390XDWARFRegisters (= MAPLIT), unaryDst (= MAPLIT), Links390x (= NAME), Links390x (= NAME), Links390x (= NAME)
src/cmd/internal/obj/wasm/a.out.go Register (= MAPLIT), unaryDst (= MAPLIT), Linkwasm (= NAME), Linkwasm (= NAME)
src/cmd/internal/obj/wasm/a.out.go Register (= MAPLIT), unaryDst (= MAPLIT), Linkwasm (= NAME), Linkwasm (= NAME)
src/cmd/internal/obj/x86/a.out.go AMD64DWARFRegisters (= MAPLIT), X86DWARFRegisters (= MAPLIT), isAndroid (= ==), unaryDst (= MAPLIT), Linkamd64 (= NAME), Linkamd64 (= NAME), Linkamd64 (= NAME), Linkamd64p32 (= NAME), Linkamd64p32 (= NAME), Linkamd64p32 (= NAME), Link386 (= NAME), Link386 (= NAME), Link386 (= NAME)
src/cmd/internal/obj/x86/a.out.go AMD64DWARFRegisters (= MAPLIT), X86DWARFRegisters (= MAPLIT), isAndroid (= ==), unaryDst (= MAPLIT), Linkamd64 (= NAME), Linkamd64 (= NAME), Linkamd64 (= NAME), Linkamd64p32 (= NAME), Linkamd64p32 (= NAME), Linkamd64p32 (= NAME), Link386 (= NAME), Link386 (= NAME), Link386 (= NAME)
src/cmd/internal/objabi/autotype.go GOROOT (= CALLFUNC), GOARCH (= CALLFUNC), GOOS (= CALLFUNC), GO386 (= CALLFUNC), GOARM (= CALLFUNC), GOMIPS (= CALLFUNC), GOMIPS64 (= CALLFUNC), defaultExpstring (= CALLFUNC)
src/cmd/internal/objabi/autotype.go GOROOT (= CALLFUNC), GOARCH (= CALLFUNC), GOOS (= CALLFUNC), GO386 (= CALLFUNC), GOARM (= CALLFUNC), GOMIPS (= CALLFUNC), GOMIPS64 (= CALLFUNC), defaultExpstring (= CALLFUNC)
src/cmd/internal/objabi/autotype.go GOROOT (= CALLFUNC), GOARCH (= CALLFUNC), GOOS (= CALLFUNC), GO386 (= CALLFUNC), GOARM (= CALLFUNC), GOMIPS (= CALLFUNC), GOMIPS64 (= CALLFUNC), defaultExpstring (= CALLFUNC)
src/cmd/internal/objfile/disasm.go disasms (= MAPLIT), byteOrders (= MAPLIT), validSymType (= MAPLIT)
src/cmd/internal/src/pos.go 
src/cmd/internal/src/pos.go 
src/cmd/internal/sys/arch.go statictmp_1 (= NAME), statictmp_3 (= NAME), statictmp_5 (= NAME), statictmp_7 (= NAME), statictmp_9 (= NAME), statictmp_11 (= NAME), statictmp_13 (= NAME), statictmp_15 (= NAME), statictmp_17 (= NAME), statictmp_19 (= NAME), statictmp_21 (= NAME), statictmp_23 (= NAME), statictmp_25 (= NAME)
src/cmd/internal/sys/arch.go statictmp_1 (= NAME), statictmp_3 (= NAME), statictmp_5 (= NAME), statictmp_7 (= NAME), statictmp_9 (= NAME), statictmp_11 (= NAME), statictmp_13 (= NAME), statictmp_15 (= NAME), statictmp_17 (= NAME), statictmp_19 (= NAME), statictmp_21 (= NAME), statictmp_23 (= NAME), statictmp_25 (= NAME)
src/cmd/internal/sys/arch.go statictmp_1 (= NAME), statictmp_3 (= NAME), statictmp_5 (= NAME), statictmp_7 (= NAME), statictmp_9 (= NAME), statictmp_11 (= NAME), statictmp_13 (= NAME), statictmp_15 (= NAME), statictmp_17 (= NAME), statictmp_19 (= NAME), statictmp_21 (= NAME), statictmp_23 (= NAME), statictmp_25 (= NAME)
src/cmd/internal/test2json/test2json.go 
src/cmd/internal/test2json/test2json.go 
src/cmd/internal/xcoff/file.go 
src/cmd/internal/xcoff/file.go 
src/cmd/internal/xcoff/file.go 
src/cmd/link/doc.go 
src/cmd/link/doc.go 
src/cmd/link/doc.go 
src/cmd/link/internal/amd64/asm.go 
src/cmd/link/internal/amd64/asm.go 
src/cmd/link/internal/arm/asm.go 
src/cmd/link/internal/arm/asm.go 
src/cmd/link/internal/arm64/asm.go 
src/cmd/link/internal/arm64/asm.go 
src/cmd/link/internal/ld/ar.go strdata (= MAKEMAP), seenlib (= MAKEMAP), flagBuildid (= CALLFUNC), flagOutfile (= CALLFUNC), flagPluginPath (= CALLFUNC), flagInstallSuffix (= CALLFUNC), flagDumpDep (= CALLFUNC), flagRace (= CALLFUNC), flagMsan (= CALLFUNC), flagFieldTrack (= CALLFUNC), flagLibGCC (= CALLFUNC), flagTmpdir (= CALLFUNC), flagExtld (= CALLFUNC), flagExtldflags (= CALLFUNC), flagExtar (= CALLFUNC), flagA (= CALLFUNC), FlagC (= CALLFUNC), FlagD (= CALLFUNC), flagF (= CALLFUNC), flagG (= CALLFUNC), flagH (= CALLFUNC), flagN (= CALLFUNC), FlagS (= CALLFUNC), flagU (= CALLFUNC), FlagW (= CALLFUNC), flagInterpreter (= CALLFUNC), FlagDebugTramp (= CALLFUNC), FlagRound (= CALLFUNC), FlagTextAddr (= CALLFUNC), FlagDataAddr (= CALLFUNC), flagEntrySymbol (= CALLFUNC), cpuprofile (= CALLFUNC), memprofile (= CALLFUNC), memprofilerate (= CALLFUNC), start (= CALLFUNC), currDwscnoff (= MAKEMAP)
src/cmd/link/internal/ld/ar.go strdata (= MAKEMAP), seenlib (= MAKEMAP), flagBuildid (= CALLFUNC), flagOutfile (= CALLFUNC), flagPluginPath (= CALLFUNC), flagInstallSuffix (= CALLFUNC), flagDumpDep (= CALLFUNC), flagRace (= CALLFUNC), flagMsan (= CALLFUNC), flagFieldTrack (= CALLFUNC), flagLibGCC (= CALLFUNC), flagTmpdir (= CALLFUNC), flagExtld (= CALLFUNC), flagExtldflags (= CALLFUNC), flagExtar (= CALLFUNC), flagA (= CALLFUNC), FlagC (= CALLFUNC), FlagD (= CALLFUNC), flagF (= CALLFUNC), flagG (= CALLFUNC), flagH (= CALLFUNC), flagN (= CALLFUNC), FlagS (= CALLFUNC), flagU (= CALLFUNC), FlagW (= CALLFUNC), flagInterpreter (= CALLFUNC), FlagDebugTramp (= CALLFUNC), FlagRound (= CALLFUNC), FlagTextAddr (= CALLFUNC), FlagDataAddr (= CALLFUNC), flagEntrySymbol (= CALLFUNC), cpuprofile (= CALLFUNC), memprofile (= CALLFUNC), memprofilerate (= CALLFUNC), start (= CALLFUNC), currDwscnoff (= MAKEMAP)
src/cmd/link/internal/loadelf/ldelf.go 
src/cmd/link/internal/loadelf/ldelf.go 
src/cmd/link/internal/loadmacho/ldmacho.go 
src/cmd/link/internal/loadmacho/ldmacho.go 
src/cmd/link/internal/loadpe/ldpe.go 
src/cmd/link/internal/loadpe/ldpe.go 
src/cmd/link/internal/loadxcoff/ldxcoff.go 
src/cmd/link/internal/loadxcoff/ldxcoff.go 
src/cmd/link/internal/mips/asm.go 
src/cmd/link/internal/mips/asm.go 
src/cmd/link/internal/mips64/asm.go 
src/cmd/link/internal/mips64/asm.go 
src/cmd/link/internal/objfile/objfile.go 
src/cmd/link/internal/objfile/objfile.go 
src/cmd/link/internal/ppc64/asm.go 
src/cmd/link/internal/ppc64/asm.go 
src/cmd/link/internal/s390x/asm.go 
src/cmd/link/internal/s390x/asm.go 
src/cmd/link/internal/sym/attribute.go RelROMap (= MAPLIT)
src/cmd/link/internal/sym/attribute.go RelROMap (= MAPLIT)
src/cmd/link/internal/wasm/asm.go wasmFuncTypes (= MAPLIT), nameRegexp (= CALLFUNC)
src/cmd/link/internal/wasm/asm.go wasmFuncTypes (= MAPLIT), nameRegexp (= CALLFUNC)
src/cmd/link/internal/x86/asm.go 
src/cmd/link/internal/x86/asm.go 
src/cmd/nm/doc.go sortOrder (= CALLFUNC), printSize (= CALLFUNC), printType (= CALLFUNC)
src/cmd/objdump/main.go printCode (= CALLFUNC), symregexp (= CALLFUNC)
src/cmd/pack/doc.go stdout (= NAME)
src/cmd/pprof/doc.go 
src/cmd/test2json/main.go flagP (= CALLFUNC), flagT (= CALLFUNC)
src/cmd/trace/annotations.go logDiv (= CALLFUNC), templUserRegionTypes (= CALLFUNC), templUserTaskTypes (= CALLFUNC), templUserTaskType (= CALLFUNC), templUserRegionType (= CALLFUNC), templGoroutines (= CALLFUNC), templGoroutine (= CALLFUNC), httpFlag (= CALLFUNC), pprofFlag (= CALLFUNC), debugFlag (= CALLFUNC), templMain (= CALLFUNC), utilFlagNames (= MAPLIT)
src/cmd/vendor/github.com/google/pprof/driver/driver.go 
src/cmd/vendor/github.com/google/pprof/internal/binutils/addr2liner.go nmOutputRE (= CALLFUNC), objdumpAsmOutputRE (= CALLFUNC), objdumpOutputFileLine (= CALLFUNC), objdumpOutputFunction (= CALLFUNC)
src/cmd/vendor/github.com/google/pprof/internal/driver/cli.go viewBox (= CALLFUNC), graphID (= CALLFUNC), svgClose (= CALLFUNC), pprofCommands (= MAPLIT), pprofVariables (= MAPLIT), tagFilterRangeRx (= CALLFUNC), tailDigitsRE (= CALLFUNC), pprofShortcuts (= MAPLIT)
src/cmd/vendor/github.com/google/pprof/internal/elfexec/elfexec.go 
src/cmd/vendor/github.com/google/pprof/internal/graph/dotgraph.go javaRegExp (= CALLFUNC), goRegExp (= CALLFUNC), cppRegExp (= CALLFUNC)
src/cmd/vendor/github.com/google/pprof/internal/measurement/measurement.go 
src/cmd/vendor/github.com/google/pprof/internal/plugin/plugin.go 
src/cmd/vendor/github.com/google/pprof/internal/proftest/proftest.go 
src/cmd/vendor/github.com/google/pprof/internal/report/report.go 
src/cmd/vendor/github.com/google/pprof/internal/symbolizer/symbolizer.go 
src/cmd/vendor/github.com/google/pprof/internal/symbolz/symbolz.go symbolzRE (= CALLFUNC)
src/cmd/vendor/github.com/google/pprof/internal/transport/transport.go 
src/cmd/vendor/github.com/google/pprof/profile/encode.go errConcatProfile (= CALLFUNC), attributeRx (= CALLFUNC), javaSampleRx (= CALLFUNC), javaLocationRx (= CALLFUNC), javaLocationFileLineRx (= CALLFUNC), javaLocationPathRx (= CALLFUNC), countStartRE (= CALLFUNC), countRE (= CALLFUNC), heapHeaderRE (= CALLFUNC), heapSampleRE (= CALLFUNC), contentionSampleRE (= CALLFUNC), hexNumberRE (= CALLFUNC), growthHeaderRE (= CALLFUNC), fragmentationHeaderRE (= CALLFUNC), threadzStartRE (= CALLFUNC), threadStartRE (= CALLFUNC), cHexRange (= +), procMapsRE (= CALLFUNC), briefMapsRE (= CALLFUNC), logInfoRE (= CALLFUNC), allocRxStr (= CALLFUNC), allocSkipRxStr (= CALLFUNC), cpuProfilerRxStr (= CALLFUNC), lockRxStr (= CALLFUNC), errUnrecognized (= CALLFUNC), errMalformed (= CALLFUNC), errNoData (= CALLFUNC), libRx (= CALLFUNC), bracketRx (= CALLFUNC)
src/cmd/vendor/github.com/google/pprof/third_party/d3/d3.go 
src/cmd/vendor/github.com/google/pprof/third_party/d3flamegraph/d3_flame_graph.go 
src/cmd/vendor/github.com/google/pprof/third_party/svgpan/svgpan.go 
src/cmd/vendor/github.com/ianlancetaylor/demangle/ast.go builtinTypeSuffix (= MAPLIT), builtinTypeFloat (= MAPLIT), ErrNotMangledName (= CALLFUNC), operators (= MAPLIT), builtinTypes (= MAPLIT), qualifiers (= MAPLIT), subAST (= MAPLIT), verboseAST (= MAPLIT)
src/cmd/vendor/golang.org/x/arch/arm/armasm/decode.go errMode (= CALLFUNC), errShort (= CALLFUNC), errUnknown (= CALLFUNC), saveDot (= CALLFUNC)
src/cmd/vendor/golang.org/x/arch/arm64/arm64asm/arg.go errShort (= CALLFUNC), errUnknown (= CALLFUNC), noSuffixOpSet (= CALLFUNC)
src/cmd/vendor/golang.org/x/arch/ppc64/ppc64asm/decode.go errShort (= CALLFUNC), errUnknown (= CALLFUNC), revCondMap (= MAPLIT), plan9OpMap (= MAPLIT)
src/cmd/vendor/golang.org/x/arch/x86/x86asm/decode.go ErrInvalidMode (= CALLFUNC), ErrTruncated (= CALLFUNC), ErrUnrecognized (= CALLFUNC), errInternal (= CALLFUNC), gnuOp (= MAPLIT), prefixNames (= MAPLIT), intelOp (= MAPLIT)
src/cmd/vendor/golang.org/x/crypto/ssh/terminal/terminal.go 
src/cmd/vendor/golang.org/x/sys/unix/constants.go statictmp_41 (= MAKEMAP)
src/cmd/vendor/golang.org/x/sys/windows/mksyscall.go 
src/cmd/vendor/golang.org/x/sys/windows/registry/mksyscall.go 
src/cmd/vendor/golang.org/x/tools/go/analysis/analysis.go 
src/cmd/vendor/golang.org/x/tools/go/analysis/internal/analysisflags/flags.go vetLegacyFlags (= MAPLIT)
src/cmd/vendor/golang.org/x/tools/go/analysis/internal/facts/facts.go 
src/cmd/vendor/golang.org/x/tools/go/analysis/passes/asmdecl/asmdecl.go asmPlusBuild (= CALLFUNC), asmTEXT (= CALLFUNC), asmDATA (= CALLFUNC), asmSP (= CALLFUNC), asmUnnamedFP (= CALLFUNC), asmNamedFP (= CALLFUNC), asmOpcode (= CALLFUNC), ppc64Suff (= CALLFUNC)
src/cmd/vendor/golang.org/x/tools/go/analysis/passes/assign/assign.go statictmp_2 (= NAME)
src/cmd/vendor/golang.org/x/tools/go/analysis/passes/atomic/atomic.go statictmp_2 (= NAME)
src/cmd/vendor/golang.org/x/tools/go/analysis/passes/bools/bools.go statictmp_2 (= NAME)
src/cmd/vendor/golang.org/x/tools/go/analysis/passes/buildtag/buildtag.go 
src/cmd/vendor/golang.org/x/tools/go/analysis/passes/cgocall/cgocall.go 
src/cmd/vendor/golang.org/x/tools/go/analysis/passes/composite/composite.go unkeyedLiteral (= MAPLIT), statictmp_2 (= NAME)
src/cmd/vendor/golang.org/x/tools/go/analysis/passes/copylock/copylock.go statictmp_12 (= NAME)
src/cmd/vendor/golang.org/x/tools/go/analysis/passes/ctrlflow/ctrlflow.go panicBuiltin (= DOTTYPE), statictmp_2 (= CALLFUNC), statictmp_3 (= new), statictmp_4 (= NAME)
src/cmd/vendor/golang.org/x/tools/go/analysis/passes/httpresponse/httpresponse.go statictmp_2 (= NAME)
src/cmd/vendor/golang.org/x/tools/go/analysis/passes/inspect/inspect.go statictmp_0 (= CALLFUNC)
src/cmd/vendor/golang.org/x/tools/go/analysis/passes/internal/analysisutil/util.go 
src/cmd/vendor/golang.org/x/tools/go/analysis/passes/loopclosure/loopclosure.go statictmp_3 (= NAME)
src/cmd/vendor/golang.org/x/tools/go/analysis/passes/lostcancel/lostcancel.go statictmp_4 (= NAME), statictmp_4 (= NAME)
src/cmd/vendor/golang.org/x/tools/go/analysis/passes/nilfunc/nilfunc.go statictmp_2 (= NAME)
src/cmd/vendor/golang.org/x/tools/go/analysis/passes/pkgfact/pkgfact.go statictmp_1 (= new), statictmp_0 (= CALLFUNC)
src/cmd/vendor/golang.org/x/tools/go/analysis/passes/printf/printf.go isPrint (= MAPLIT), errorType (= DOTTYPE), printFormatRE (= CALLFUNC), statictmp_6 (= NAME), statictmp_7 (= new), archSizes (= CALLFUNC)
src/cmd/vendor/golang.org/x/tools/go/analysis/passes/shift/dead.go archSizes (= CALLFUNC), uintBitSize (= *), uintptrBitSize (= *), statictmp_5 (= NAME)
src/cmd/vendor/golang.org/x/tools/go/analysis/passes/stdmethods/stdmethods.go canonicalMethods (= MAPLIT), statictmp_3 (= NAME)
src/cmd/vendor/golang.org/x/tools/go/analysis/passes/structtag/structtag.go errTagSpace (= CALLFUNC), errTagKeySyntax (= CALLFUNC), errTagSyntax (= CALLFUNC), errTagValueSyntax (= CALLFUNC), checkTagSpaces (= MAPLIT), errTagValueSpace (= CALLFUNC), statictmp_3 (= NAME)
src/cmd/vendor/golang.org/x/tools/go/analysis/passes/tests/tests.go 
src/cmd/vendor/golang.org/x/tools/go/analysis/passes/unmarshal/unmarshal.go statictmp_2 (= NAME)
src/cmd/vendor/golang.org/x/tools/go/analysis/passes/unreachable/unreachable.go statictmp_3 (= NAME)
src/cmd/vendor/golang.org/x/tools/go/analysis/passes/unsafeptr/unsafeptr.go statictmp_2 (= NAME)
src/cmd/vendor/golang.org/x/tools/go/analysis/passes/unusedresult/unusedresult.go sigNoArgsStringResult (= CALLFUNC), statictmp_2 (= NAME)
src/cmd/vendor/golang.org/x/tools/go/analysis/unitchecker/unitchecker.go 
src/cmd/vendor/golang.org/x/tools/go/ast/astutil/enclosing.go abort (= new)
src/cmd/vendor/golang.org/x/tools/go/ast/inspector/inspector.go 
src/cmd/vendor/golang.org/x/tools/go/cfg/builder.go 
src/cmd/vendor/golang.org/x/tools/go/types/objectpath/objectpath.go 
src/cmd/vendor/golang.org/x/tools/go/types/typeutil/callee.go 
src/cmd/vet/doc.go 
src/compress/bzip2/bit_reader.go 
src/compress/flate/deflate.go fixedLiteralEncoding (= CALLFUNC), fixedOffsetEncoding (= CALLFUNC)
src/compress/flate/deflate.go fixedLiteralEncoding (= CALLFUNC), fixedOffsetEncoding (= CALLFUNC)
src/compress/flate/deflate.go fixedLiteralEncoding (= CALLFUNC), fixedOffsetEncoding (= CALLFUNC)
src/compress/gzip/gunzip.go ErrChecksum (= CALLFUNC), ErrHeader (= CALLFUNC), le (= NAME)
src/compress/gzip/gunzip.go ErrChecksum (= CALLFUNC), ErrHeader (= CALLFUNC), le (= NAME)
src/compress/lzw/reader.go errClosed (= CALLFUNC), errOutOfCodes (= CALLFUNC)
src/compress/zlib/reader.go ErrChecksum (= CALLFUNC), ErrDictionary (= CALLFUNC), ErrHeader (= CALLFUNC)
src/compress/zlib/reader.go ErrChecksum (= CALLFUNC), ErrDictionary (= CALLFUNC), ErrHeader (= CALLFUNC)
src/compress/zlib/reader.go ErrChecksum (= CALLFUNC), ErrDictionary (= CALLFUNC), ErrHeader (= CALLFUNC)
src/container/heap/heap.go 
src/container/heap/heap.go 
src/container/heap/heap.go 
src/container/list/list.go 
src/container/ring/ring.go 
src/context/context.go Canceled (= CALLFUNC), background (= new), todo (= new), closedchan (= MAKECHAN)
src/context/context.go Canceled (= CALLFUNC), background (= new), todo (= new), closedchan (= MAKECHAN)
src/context/context.go Canceled (= CALLFUNC), background (= new), todo (= new), closedchan (= MAKECHAN)
src/crypto/aes/aes_gcm.go errOpen (= CALLFUNC), supportsAES (= ||), supportsGFMUL (= ||)
src/crypto/cipher/cbc.go errOpen (= CALLFUNC)
src/crypto/crypto.go hashes (= MAKESLICE)
src/crypto/crypto.go hashes (= MAKESLICE)
src/crypto/crypto.go hashes (= MAKESLICE)
src/crypto/des/block.go 
src/crypto/dsa/dsa.go ErrInvalidPublicKey (= CALLFUNC)
src/crypto/ecdsa/ecdsa.go one (= CALLMETH), errZeroParam (= CALLFUNC)
src/crypto/elliptic/elliptic.go 
src/crypto/hmac/hmac.go 
src/crypto/internal/randutil/randutil.go 
src/crypto/internal/subtle/aliasing.go 
src/crypto/md5/md5.go 
src/crypto/md5/md5.go 
src/crypto/rand/eagain.go smallPrimesProduct (= CALLMETH)
src/crypto/rc4/rc4.go 
src/crypto/rsa/pkcs1v15.go hashPrefixes (= MAPLIT), bigZero (= CALLFUNC), bigOne (= CALLFUNC), errPublicModulus (= CALLFUNC), errPublicExponentSmall (= CALLFUNC), errPublicExponentLarge (= CALLFUNC), ErrMessageTooLong (= CALLFUNC), ErrDecryption (= CALLFUNC), ErrVerification (= CALLFUNC)
src/crypto/sha1/sha1.go useAVX2 (= &&)
src/crypto/sha1/sha1.go useAVX2 (= &&)
src/crypto/sha1/sha1.go useAVX2 (= &&)
src/crypto/sha256/sha256.go useAVX2 (= &&)
src/crypto/sha256/sha256.go useAVX2 (= &&)
src/crypto/sha256/sha256.go useAVX2 (= &&)
src/crypto/sha512/sha512.go useAVX2 (= &&)
src/crypto/subtle/constant_time.go 
src/crypto/tls/alert.go alertText (= MAPLIT), errClosed (= CALLFUNC), errShutdown (= CALLFUNC), errEarlyCloseWrite (= CALLFUNC), tls11SignatureSchemesECDSA (= SLICE), tls11SignatureSchemesRSA (= SLICE), errClientKeyExchange (= CALLFUNC), errServerKeyExchange (= CALLFUNC)
src/crypto/x509/cert_pool.go IncorrectPasswordError (= CALLFUNC), debugExecDarwinRoots (= CALLFUNC), ignoreCN (= CALLFUNC), errNotParsed (= CALLFUNC), ErrUnsupportedAlgorithm (= CALLFUNC)
src/crypto/x509/pkix/pkix.go attributeTypeNames (= MAPLIT)
src/database/sql/convert.go errNilPtr (= CALLFUNC), valuerReflectType (= CALLINTER), errLevelNotSupported (= CALLFUNC), drivers (= MAKEMAP), ErrNoRows (= CALLFUNC), errDBClosed (= CALLFUNC), ErrConnDone (= CALLFUNC), ErrTxDone (= CALLFUNC), errRowsClosed (= CALLFUNC), errNoRows (= CALLFUNC)
src/database/sql/driver/driver.go ErrSkip (= CALLFUNC), ErrBadConn (= CALLFUNC), ErrRemoveArgument (= CALLFUNC), valuerReflectType (= CALLINTER)
src/debug/dwarf/attr_string.go _Attr_map (= MAPLIT), attrIsExprloc (= MAPLIT), attrPtrClass (= MAPLIT), knownOpcodeLengths (= MAPLIT), ErrUnknownPC (= CALLFUNC)
src/debug/dwarf/attr_string.go _Attr_map (= MAPLIT), attrIsExprloc (= MAPLIT), attrPtrClass (= MAPLIT), knownOpcodeLengths (= MAPLIT), ErrUnknownPC (= CALLFUNC)
src/debug/dwarf/attr_string.go _Attr_map (= MAPLIT), attrIsExprloc (= MAPLIT), attrPtrClass (= MAPLIT), knownOpcodeLengths (= MAPLIT), ErrUnknownPC (= CALLFUNC)
src/debug/elf/elf.go ErrNoSymbols (= CALLFUNC)
src/debug/elf/elf.go ErrNoSymbols (= CALLFUNC)
src/debug/elf/elf.go ErrNoSymbols (= CALLFUNC)
src/debug/gosym/pclntab.go 
src/debug/macho/fat.go 
src/debug/macho/fat.go 
src/debug/macho/fat.go 
src/debug/pe/file.go sizeofOptionalHeader32 (= CONV), sizeofOptionalHeader64 (= CONV)
src/debug/pe/file.go sizeofOptionalHeader32 (= CONV), sizeofOptionalHeader64 (= CONV)
src/debug/plan9obj/file.go 
src/encoding/ascii85/ascii85.go 
src/encoding/asn1/asn1.go bigOne (= CALLFUNC), bitStringType (= CALLFUNC), objectIdentifierType (= CALLFUNC), enumeratedType (= CALLFUNC), flagType (= CALLFUNC), timeType (= CALLFUNC), rawValueType (= CALLFUNC), rawContentsType (= CALLFUNC), bigIntType (= CALLFUNC)
src/encoding/base32/base32.go StdEncoding (= CALLFUNC), HexEncoding (= CALLFUNC)
src/encoding/base64/base64.go StdEncoding (= CALLFUNC), URLEncoding (= CALLFUNC), RawStdEncoding (= CALLMETH), RawURLEncoding (= CALLMETH)
src/encoding/base64/base64.go StdEncoding (= CALLFUNC), URLEncoding (= CALLFUNC), RawStdEncoding (= CALLMETH), RawURLEncoding (= CALLMETH)
src/encoding/base64/base64.go StdEncoding (= CALLFUNC), URLEncoding (= CALLFUNC), RawStdEncoding (= CALLMETH), RawURLEncoding (= CALLMETH)
src/encoding/binary/binary.go overflow (= CALLFUNC)
src/encoding/binary/binary.go overflow (= CALLFUNC)
src/encoding/binary/binary.go overflow (= CALLFUNC)
src/encoding/csv/reader.go ErrTrailingComma (= CALLFUNC), ErrBareQuote (= CALLFUNC), ErrQuote (= CALLFUNC), ErrFieldCount (= CALLFUNC), errInvalidDelim (= CALLFUNC)
src/encoding/encoding.go 
src/encoding/encoding.go 
src/encoding/encoding.go 
src/encoding/gob/dec_helpers.go errBadUint (= CALLFUNC), decArrayHelper (= MAPLIT), decSliceHelper (= MAPLIT), errBadType (= CALLFUNC), errRange (= CALLFUNC), types (= MAKEMAP), idToType (= MAKEMAP), gobEncoderInterfaceType (= CALLINTER), binaryMarshalerInterfaceType (= CALLINTER), gobDecoderInterfaceType (= CALLINTER), binaryUnmarshalerInterfaceType (= CALLINTER), tBool (= CALLFUNC), tInt (= CALLFUNC), tUint (= CALLFUNC), tFloat (= CALLFUNC), tBytes (= CALLFUNC), tString (= CALLFUNC), tComplex (= CALLFUNC), decIgnoreOpMap (= MAPLIT), emptyStructType (= CALLFUNC), errBadCount (= CALLFUNC), encArrayHelper (= MAPLIT), encSliceHelper (= MAPLIT), spaceForLength (= MAKESLICE), textMarshalerInterfaceType (= CALLINTER), textUnmarshalerInterfaceType (= CALLINTER), tInterface (= CALLFUNC), tReserved7 (= CALLFUNC), tReserved6 (= CALLFUNC), tReserved5 (= CALLFUNC), tReserved4 (= CALLFUNC), tReserved3 (= CALLFUNC), tReserved2 (= CALLFUNC), tReserved1 (= CALLFUNC), tWireType (= DOTPTR)
src/encoding/hex/hex.go ErrLength (= CALLFUNC)
src/encoding/hex/hex.go ErrLength (= CALLFUNC)
src/encoding/hex/hex.go ErrLength (= CALLFUNC)
src/encoding/json/decode.go textUnmarshalerType (= CALLINTER), numberType (= CALLFUNC), marshalerType (= CALLINTER), textMarshalerType (= CALLINTER), float32Encoder (= CALLPART), float64Encoder (= CALLPART)
src/encoding/json/decode.go textUnmarshalerType (= CALLINTER), numberType (= CALLFUNC), marshalerType (= CALLINTER), textMarshalerType (= CALLINTER), float32Encoder (= CALLPART), float64Encoder (= CALLPART)
src/encoding/json/decode.go textUnmarshalerType (= CALLINTER), numberType (= CALLFUNC), marshalerType (= CALLINTER), textMarshalerType (= CALLINTER), float32Encoder (= CALLPART), float64Encoder (= CALLPART)
src/encoding/pem/pem.go 
src/encoding/xml/marshal.go marshalerType (= CALLINTER), marshalerAttrType (= CALLINTER), textMarshalerType (= CALLINTER), attrType (= CALLFUNC), unmarshalerType (= CALLINTER), unmarshalerAttrType (= CALLINTER), textUnmarshalerType (= CALLINTER), nameType (= CALLFUNC), errRawToken (= CALLFUNC), entity (= MAPLIT), htmlEntity (= MAPLIT), HTMLEntity (= NAME)
src/encoding/xml/marshal.go marshalerType (= CALLINTER), marshalerAttrType (= CALLINTER), textMarshalerType (= CALLINTER), attrType (= CALLFUNC), unmarshalerType (= CALLINTER), unmarshalerAttrType (= CALLINTER), textUnmarshalerType (= CALLINTER), nameType (= CALLFUNC), errRawToken (= CALLFUNC), entity (= MAPLIT), htmlEntity (= MAPLIT), HTMLEntity (= NAME)
src/errors/errors.go 
src/errors/errors.go 
src/errors/errors.go 
src/expvar/expvar.go 
src/flag/flag.go ErrHelp (= CALLFUNC), errParse (= CALLFUNC), errRange (= CALLFUNC), CommandLine (= CALLFUNC)
src/flag/flag.go ErrHelp (= CALLFUNC), errParse (= CALLFUNC), errRange (= CALLFUNC), CommandLine (= CALLFUNC)
src/flag/flag.go ErrHelp (= CALLFUNC), errParse (= CALLFUNC), errRange (= CALLFUNC), CommandLine (= CALLFUNC)
src/fmt/doc.go complexError (= CALLFUNC), boolError (= CALLFUNC)
src/fmt/doc.go complexError (= CALLFUNC), boolError (= CALLFUNC)
src/fmt/doc.go complexError (= CALLFUNC), boolError (= CALLFUNC)
src/go/ast/ast.go 
src/go/ast/ast.go 
src/go/ast/ast.go 
src/go/build/build.go cgoEnabled (= MAPLIT), Default (= CALLFUNC), errNoModules (= CALLFUNC), knownOS (= MAKEMAP), knownArch (= MAKEMAP), ToolDir (= CALLFUNC), errSyntax (= CALLFUNC), errNUL (= CALLFUNC)
src/go/build/build.go cgoEnabled (= MAPLIT), Default (= CALLFUNC), errNoModules (= CALLFUNC), knownOS (= MAKEMAP), knownArch (= MAKEMAP), ToolDir (= CALLFUNC), errSyntax (= CALLFUNC), errNUL (= CALLFUNC)
src/go/build/build.go cgoEnabled (= MAPLIT), Default (= CALLFUNC), errNoModules (= CALLFUNC), knownOS (= MAKEMAP), knownArch (= MAKEMAP), ToolDir (= CALLFUNC), errSyntax (= CALLFUNC), errNUL (= CALLFUNC)
src/go/constant/value.go floatVal0 (= CALLFUNC)
src/go/doc/comment.go inTest (= &&), matchRx (= CALLFUNC), nonAlphaNumRx (= CALLFUNC), outputPrefix (= CALLFUNC), underscore (= CALLFUNC), noteMarkerRx (= CALLFUNC), noteCommentRx (= CALLFUNC), predeclaredTypes (= MAPLIT), predeclaredFuncs (= MAPLIT), predeclaredConstants (= MAPLIT)
src/go/doc/comment.go inTest (= &&), matchRx (= CALLFUNC), nonAlphaNumRx (= CALLFUNC), outputPrefix (= CALLFUNC), underscore (= CALLFUNC), noteMarkerRx (= CALLFUNC), noteCommentRx (= CALLFUNC), predeclaredTypes (= MAPLIT), predeclaredFuncs (= MAPLIT), predeclaredConstants (= MAPLIT)
src/go/doc/comment.go inTest (= &&), matchRx (= CALLFUNC), nonAlphaNumRx (= CALLFUNC), outputPrefix (= CALLFUNC), underscore (= CALLFUNC), noteMarkerRx (= CALLFUNC), noteCommentRx (= CALLFUNC), predeclaredTypes (= MAPLIT), predeclaredFuncs (= MAPLIT), predeclaredConstants (= MAPLIT)
src/go/format/format.go 
src/go/importer/importer.go 
src/go/internal/gccgoimporter/ar.go reserved (= new)
src/go/internal/gcimporter/bimport.go statictmp_25 (= INDEX), statictmp_25 (= INDEX), statictmp_25 (= INDEX), statictmp_25 (= INDEX), statictmp_25 (= INDEX), statictmp_25 (= INDEX), statictmp_25 (= INDEX), statictmp_25 (= INDEX), statictmp_25 (= INDEX), statictmp_25 (= INDEX), statictmp_25 (= INDEX), statictmp_25 (= INDEX), statictmp_25 (= INDEX), statictmp_25 (= INDEX), statictmp_25 (= INDEX), statictmp_25 (= INDEX), statictmp_25 (= INDEX), statictmp_25 (= CALLINTER), statictmp_25 (= CALLINTER), statictmp_25 (= CALLINTER), statictmp_25 (= INDEX), statictmp_25 (= INDEX), statictmp_25 (= INDEX), statictmp_25 (= INDEX), statictmp_25 (= INDEX), statictmp_25 (= INDEX), statictmp_25 (= INDEX), statictmp_25 (= INDEX), statictmp_25 (= INDEX)
src/go/internal/srcimporter/srcimporter.go 
src/go/parser/interface.go unresolved (= new), stmtStart (= MAPLIT), declStart (= MAPLIT), exprEnd (= MAPLIT)
src/go/parser/interface.go unresolved (= new), stmtStart (= MAPLIT), declStart (= MAPLIT), exprEnd (= MAPLIT)
src/go/parser/interface.go unresolved (= new), stmtStart (= MAPLIT), declStart (= MAPLIT), exprEnd (= MAPLIT)
src/go/printer/nodes.go 
src/go/printer/nodes.go 
src/go/scanner/errors.go 
src/go/scanner/errors.go 
src/go/scanner/errors.go 
src/go/token/position.go 
src/go/token/position.go 
src/go/token/position.go 
src/go/types/api.go indir (= CALLFUNC), unaryOpPredicates (= MAPLIT), binaryOpPredicates (= MAPLIT), gcArchSizes (= MAPLIT), stdSizes (= CALLFUNC), markComplete (= MAKESLICE), emptyInterface (= NAME), predeclaredConsts (= CALLFUNC), predeclaredConsts (= CALLFUNC), predeclaredConsts (= CALLFUNC)
src/hash/adler32/adler32.go 
src/hash/adler32/adler32.go 
src/hash/adler32/adler32.go 
src/hash/crc32/crc32.go IEEETable (= CALLFUNC)
src/hash/crc32/crc32.go IEEETable (= CALLFUNC)
src/hash/crc32/crc32.go IEEETable (= CALLFUNC)
src/hash/crc64/crc64.go 
src/hash/fnv/fnv.go 
src/hash/hash.go 
src/hash/hash.go 
src/hash/hash.go 
src/html/entity.go htmlEscaper (= CALLFUNC)
src/html/entity.go htmlEscaper (= CALLFUNC)
src/html/template/attr.go attrTypeMap (= MAPLIT), errorType (= CALLINTER), fmtStringerType (= CALLINTER), elementNameMap (= MAPLIT), regexpPrecederKeywords (= MAPLIT), jsonMarshalType (= CALLINTER), funcMap (= MAPLIT), predefinedEscapers (= MAPLIT), equivEscapers (= MAPLIT), redundantFuncs (= MAPLIT), escapeOK (= CALLFUNC)
src/image/color/color.go RGBAModel (= CALLFUNC), RGBA64Model (= CALLFUNC), NRGBAModel (= CALLFUNC), NRGBA64Model (= CALLFUNC), AlphaModel (= CALLFUNC), Alpha16Model (= CALLFUNC), GrayModel (= CALLFUNC), Gray16Model (= CALLFUNC), YCbCrModel (= CALLFUNC), NYCbCrAModel (= CALLFUNC), CMYKModel (= CALLFUNC)
src/image/color/palette/generate.go 
src/image/draw/draw.go 
src/image/format.go ErrFormat (= CALLFUNC), Black (= CALLFUNC), White (= CALLFUNC), Transparent (= CALLFUNC), Opaque (= CALLFUNC)
src/image/gif/reader.go errNotEnough (= CALLFUNC), errTooMuch (= CALLFUNC), errBadPixel (= CALLFUNC)
src/image/internal/imageutil/imageutil.go 
src/image/jpeg/fdct.go 
src/image/png/paeth.go 
src/index/suffixarray/qsufsort.go 
src/internal/bytealg/bytealg.go 
src/internal/bytealg/bytealg.go 
src/internal/bytealg/bytealg.go 
src/internal/cpu/cpu.go 
src/internal/cpu/cpu.go 
src/internal/cpu/cpu.go 
src/internal/fmtsort/sort.go 
src/internal/fmtsort/sort.go 
src/internal/fmtsort/sort.go 
src/internal/goroot/gc.go 
src/internal/goroot/gc.go 
src/internal/goroot/gc.go 
src/internal/nettrace/nettrace.go 
src/internal/poll/fd.go ErrNetClosing (= CALLFUNC), ErrFileClosing (= CALLFUNC), ErrNoDeadline (= CALLFUNC)
src/internal/poll/fd.go ErrNetClosing (= CALLFUNC), ErrFileClosing (= CALLFUNC), ErrNoDeadline (= CALLFUNC)
src/internal/poll/fd.go ErrNetClosing (= CALLFUNC), ErrFileClosing (= CALLFUNC), ErrNoDeadline (= CALLFUNC)
src/internal/race/doc.go 
src/internal/race/doc.go 
src/internal/race/doc.go 
src/internal/singleflight/singleflight.go 
src/internal/singleflight/singleflight.go 
src/internal/syscall/unix/at_darwin.go 
src/internal/syscall/unix/at_darwin.go 
src/internal/syscall/unix/at_darwin.go 
src/internal/syscall/windows/mksyscall.go 
src/internal/syscall/windows/registry/mksyscall.go 
src/internal/syscall/windows/sysdll/sysdll.go IsSystemDLL (= MAPLIT)
src/internal/testenv/testenv.go flaky (= CALLFUNC)
src/internal/testlog/log.go 
src/internal/testlog/log.go 
src/internal/testlog/log.go 
src/internal/trace/gc.go ErrTimeOrder (= CALLFUNC)
src/io/io.go ErrShortWrite (= CALLFUNC), ErrShortBuffer (= CALLFUNC), EOF (= CALLFUNC), ErrUnexpectedEOF (= CALLFUNC), ErrNoProgress (= CALLFUNC), errWhence (= CALLFUNC), errOffset (= CALLFUNC), ErrClosedPipe (= CALLFUNC)
src/io/io.go ErrShortWrite (= CALLFUNC), ErrShortBuffer (= CALLFUNC), EOF (= CALLFUNC), ErrUnexpectedEOF (= CALLFUNC), ErrNoProgress (= CALLFUNC), errWhence (= CALLFUNC), errOffset (= CALLFUNC), ErrClosedPipe (= CALLFUNC)
src/io/io.go ErrShortWrite (= CALLFUNC), ErrShortBuffer (= CALLFUNC), EOF (= CALLFUNC), ErrUnexpectedEOF (= CALLFUNC), ErrNoProgress (= CALLFUNC), errWhence (= CALLFUNC), errOffset (= CALLFUNC), ErrClosedPipe (= CALLFUNC)
src/io/ioutil/ioutil.go 
src/io/ioutil/ioutil.go 
src/io/ioutil/ioutil.go 
src/log/log.go std (= CALLFUNC)
src/log/log.go std (= CALLFUNC)
src/log/log.go std (= CALLFUNC)
src/log/syslog/doc.go 
src/math/abs.go useFMA (= &&)
src/math/abs.go useFMA (= &&)
src/math/abs.go useFMA (= &&)
src/math/big/accuracy_string.go support_adx (= &&), three (= CALLFUNC)
src/math/big/accuracy_string.go support_adx (= &&), three (= CALLFUNC)
src/math/bits/bits.go 
src/math/bits/bits.go 
src/math/bits/bits.go 
src/math/cmplx/abs.go 
src/math/rand/exp.go globalRand (= CALLFUNC)
src/math/rand/exp.go globalRand (= CALLFUNC)
src/math/rand/exp.go globalRand (= CALLFUNC)
src/mime/encodedword.go errInvalidWord (= CALLFUNC), maxBase64Len (= CALLMETH), ErrInvalidMediaParameter (= CALLFUNC), builtinTypesLower (= MAPLIT)
src/mime/multipart/formdata.go ErrMessageTooLarge (= CALLFUNC), emptyParams (= MAKEMAP), quoteEscaper (= CALLFUNC)
src/mime/quotedprintable/reader.go 
src/net/addrselect.go statictmp_130 (= CALLFUNC), statictmp_130 (= CALLFUNC), statictmp_130 (= CALLFUNC), statictmp_130 (= CALLFUNC), statictmp_130 (= CALLFUNC), statictmp_130 (= CALLFUNC), statictmp_130 (= CALLFUNC), statictmp_130 (= CALLFUNC), statictmp_130 (= CALLFUNC), errLameReferral (= CALLFUNC), errCannotUnmarshalDNSMessage (= CALLFUNC), errCannotMarshalDNSMessage (= CALLFUNC), errServerMisbehaving (= CALLFUNC), errInvalidDNSResponse (= CALLFUNC), errNoAnswerFromDNSServer (= CALLFUNC), errServerTemporarlyMisbehaving (= CALLFUNC), lookupOrderName (= MAPLIT), errInvalidInterface (= CALLFUNC), errInvalidInterfaceIndex (= CALLFUNC), errInvalidInterfaceName (= CALLFUNC), errNoSuchInterface (= CALLFUNC), errNoSuchMulticastInterface (= CALLFUNC), zoneCache (= MAKEMAP), zoneCache (= MAKEMAP), IPv4bcast (= CALLFUNC), IPv4allsys (= CALLFUNC), IPv4allrouter (= CALLFUNC), IPv4zero (= CALLFUNC), classAMask (= CALLFUNC), classBMask (= CALLFUNC), classCMask (= CALLFUNC), protocols (= MAPLIT), services (= MAPLIT), errNoSuitableAddress (= CALLFUNC), errMissingAddress (= CALLFUNC), errCanceled (= CALLFUNC), ErrWriteToConnected (= CALLFUNC), aLongTimeAgo (= CALLFUNC), errNoSuchHost (= CALLFUNC)
src/net/http/cgi/child.go trailingPort (= CALLFUNC), osDefaultInheritEnv (= MAPLIT)
src/net/http/client.go ErrUseLastResponse (= CALLFUNC), cookieNameSanitizer (= CALLFUNC), errSeeker (= CALLFUNC), errNoOverlap (= CALLFUNC), unixEpochTime (= CALLFUNC), http2errReadEmpty (= CALLFUNC), http2errCodeName (= MAPLIT), http2errMixPseudoHeaderTypes (= CALLFUNC), http2errPseudoAfterRegular (= CALLFUNC), http2padZeros (= MAKESLICE), http2frameName (= MAPLIT), http2flagName (= MAPLIT), http2frameParsers (= MAPLIT), http2ErrFrameTooLarge (= CALLFUNC), http2errStreamID (= CALLFUNC), http2errDepStreamID (= CALLFUNC), http2errPadLength (= CALLFUNC), http2errPadBytes (= CALLFUNC), http2errCanceled (= NAME), http2DebugGoroutines (= ==), http2commonLowerHeader (= MAPLIT), http2commonCanonHeader (= MAPLIT), http2settingName (= MAPLIT), http2errInvalidHeaderFieldName (= CALLFUNC), http2errInvalidHeaderFieldValue (= CALLFUNC), http2httpCodeStringCommon (= MAPLIT), http2errClosedPipeWrite (= CALLFUNC), http2errClientDisconnected (= CALLFUNC), http2errClosedBody (= CALLFUNC), http2errHandlerComplete (= CALLFUNC), http2errStreamClosed (= CALLFUNC), http2settingsTimerMsg (= new), http2idleTimerMsg (= new), http2shutdownTimerMsg (= new), http2gracefulShutdownMsg (= new), http2errPrefaceTimeout (= CALLFUNC), http2errHandlerPanicked (= CALLFUNC), http2ErrRecursivePush (= CALLFUNC), http2ErrPushLimitReached (= CALLFUNC), http2errTransportVersion (= CALLFUNC), http2errClientConnClosed (= CALLFUNC), http2errClientConnUnusable (= CALLFUNC), http2errClientConnGotGoAway (= CALLFUNC), http2errRequestCanceled (= CALLFUNC), http2errStopReqBodyWrite (= CALLFUNC), http2errStopReqBodyWriteAndCancel (= CALLFUNC), http2errClosedResponseBody (= CALLFUNC), http2errInvalidTrailers (= CALLFUNC), http2errResponseHeaderListSize (= CALLFUNC), http2errRequestHeaderListSize (= CALLFUNC), http2errPseudoTrailers (= CALLFUNC), http2noBody (= CALLFUNC), headerNewlineToSpace (= CALLFUNC), aLongTimeAgo (= CALLFUNC), ErrMissingFile (= CALLFUNC), reqWriteExcludeHeader (= MAPLIT), ErrNoCookie (= CALLFUNC), statictmp_246 (= MAKEMAP), statictmp_246 (= MAKEMAP), errMissingHost (= CALLFUNC), respExcludeHeader (= MAPLIT), ErrNoLocation (= CALLFUNC), ErrBodyNotAllowed (= CALLFUNC), ErrHijacked (= CALLFUNC), ErrContentLength (= CALLFUNC), ErrWriteAfterFlush (= CALLFUNC), errTooLarge (= CALLFUNC), ErrAbortHandler (= CALLFUNC), htmlReplacer (= CALLFUNC), stateName (= MAPLIT), ErrServerClosed (= CALLFUNC), ErrHandlerTimeout (= CALLFUNC), uniqNameNext (= MAKEMAP), socksaLongTimeAgo (= CALLFUNC), statusText (= MAPLIT), ErrLineTooLong (= NAME), ErrBodyReadAfterClose (= CALLFUNC), errTrailerEOF (= CALLFUNC), nopCloserType (= CALLFUNC), statictmp_303 (= CALLPART), connsPerHostClosedCh (= MAKECHAN), ErrSkipAltProtocol (= CALLFUNC), errKeepAlivesDisabled (= CALLFUNC), errConnBroken (= CALLFUNC), errWantIdle (= CALLFUNC), errTooManyIdle (= CALLFUNC), errTooManyIdleHost (= CALLFUNC), errCloseIdleConns (= CALLFUNC), errReadLoopExiting (= CALLFUNC), errIdleConnTimeout (= CALLFUNC), errNotCachingH2Conn (= CALLFUNC), errServerClosedIdle (= CALLFUNC), errCallerOwnsConn (= CALLFUNC), errRequestCanceled (= CALLFUNC), errRequestCanceledConn (= CALLFUNC), portMap (= MAPLIT), errReadOnClosedResBody (= CALLFUNC)
src/net/http/cookiejar/jar.go errIllegalDomain (= CALLFUNC), errMalformedDomain (= CALLFUNC), errNoHostname (= CALLFUNC), endOfTime (= CALLFUNC)
src/net/http/fcgi/child.go errCloseConn (= CALLFUNC), emptyBody (= CALLFUNC), ErrRequestAborted (= CALLFUNC), ErrConnClosed (= CALLFUNC)
src/net/http/httptest/httptest.go serve (= CALLFUNC)
src/net/http/httptrace/trace.go 
src/net/http/httputil/dump.go reqWriteExcludeHeaderDump (= MAPLIT), errNoBody (= CALLFUNC), emptyBody (= CALLFUNC), ErrLineTooLong (= NAME), errClosed (= CALLFUNC)
src/net/http/internal/chunked.go ErrLineTooLong (= CALLFUNC)
src/net/http/pprof/pprof.go profileDescriptions (= MAPLIT), indexTmpl (= CALLFUNC)
src/net/internal/socktest/switch.go 
src/net/mail/message.go ErrHeaderNotPresent (= CALLFUNC)
src/net/rpc/client.go ErrShutdown (= CALLFUNC), debug (= CALLFUNC), typeOfError (= CALLINTER), DefaultServer (= CALLFUNC)
src/net/rpc/jsonrpc/client.go errMissingParams (= CALLFUNC)
src/net/smtp/auth.go 
src/net/textproto/header.go commonHeader (= MAKEMAP)
src/net/url/url.go 
src/net/url/url.go 
src/net/url/url.go 
src/os/dir.go ErrInvalid (= CALLFUNC), ErrPermission (= CALLFUNC), ErrExist (= CALLFUNC), ErrNotExist (= CALLFUNC), ErrClosed (= CALLFUNC), ErrNoDeadline (= NAME), errFinished (= CALLFUNC), nil n.Left on initCwd, initCwdErr = Getwd(), Stdin (= CALLFUNC), Stdout (= CALLFUNC), Stderr (= CALLFUNC)
src/os/dir.go ErrInvalid (= CALLFUNC), ErrPermission (= CALLFUNC), ErrExist (= CALLFUNC), ErrNotExist (= CALLFUNC), ErrClosed (= CALLFUNC), ErrNoDeadline (= NAME), errFinished (= CALLFUNC), nil n.Left on initCwd, initCwdErr = Getwd(), Stdin (= CALLFUNC), Stdout (= CALLFUNC), Stderr (= CALLFUNC)
src/os/dir.go ErrInvalid (= CALLFUNC), ErrPermission (= CALLFUNC), ErrExist (= CALLFUNC), ErrNotExist (= CALLFUNC), ErrClosed (= CALLFUNC), ErrNoDeadline (= NAME), errFinished (= CALLFUNC), nil n.Left on initCwd, initCwdErr = Getwd(), Stdin (= CALLFUNC), Stdout (= CALLFUNC), Stderr (= CALLFUNC)
src/os/exec/exec.go ErrNotFound (= CALLFUNC)
src/os/exec/exec.go ErrNotFound (= CALLFUNC)
src/os/exec/exec.go ErrNotFound (= CALLFUNC)
src/os/signal/doc.go 
src/os/signal/doc.go 
src/os/user/lookup.go 
src/path/filepath/match.go ErrBadPattern (= CALLFUNC), SkipDir (= CALLFUNC)
src/path/filepath/match.go ErrBadPattern (= CALLFUNC), SkipDir (= CALLFUNC)
src/path/filepath/match.go ErrBadPattern (= CALLFUNC), SkipDir (= CALLFUNC)
src/path/match.go ErrBadPattern (= CALLFUNC)
src/path/match.go ErrBadPattern (= CALLFUNC)
src/path/match.go ErrBadPattern (= CALLFUNC)
src/plugin/plugin.go 
src/reflect/deepequal.go uint8Type (= DOTTYPE)
src/reflect/deepequal.go uint8Type (= DOTTYPE)
src/reflect/deepequal.go uint8Type (= DOTTYPE)
src/regexp/backtrack.go 
src/regexp/backtrack.go 
src/regexp/backtrack.go 
src/regexp/syntax/compile.go perlGroup (= MAPLIT), posixGroup (= MAPLIT)
src/regexp/syntax/compile.go perlGroup (= MAPLIT), posixGroup (= MAPLIT)
src/regexp/syntax/compile.go perlGroup (= MAPLIT), posixGroup (= MAPLIT)
src/runtime/alg.go inf (= CALLFUNC), uint16Type (= DOTPTR), uint32Type (= DOTPTR), uint64Type (= DOTPTR), stringType (= DOTPTR), sliceType (= DOTPTR), chansendpc (= CALLFUNC), chanrecvpc (= CALLFUNC)
src/runtime/alg.go inf (= CALLFUNC), uint16Type (= DOTPTR), uint32Type (= DOTPTR), uint64Type (= DOTPTR), stringType (= DOTPTR), sliceType (= DOTPTR), chansendpc (= CALLFUNC), chanrecvpc (= CALLFUNC)
src/runtime/alg.go inf (= CALLFUNC), uint16Type (= DOTPTR), uint32Type (= DOTPTR), uint64Type (= DOTPTR), stringType (= DOTPTR), sliceType (= DOTPTR), chansendpc (= CALLFUNC), chanrecvpc (= CALLFUNC)
src/runtime/cgo/callbacks.go 
src/runtime/debug/garbage.go 
src/runtime/debug/garbage.go 
src/runtime/internal/atomic/atomic_amd64x.go 
src/runtime/internal/atomic/atomic_amd64x.go 
src/runtime/internal/atomic/atomic_amd64x.go 
src/runtime/internal/math/math.go 
src/runtime/internal/math/math.go 
src/runtime/internal/math/math.go 
src/runtime/internal/sys/arch.go 
src/runtime/internal/sys/arch.go 
src/runtime/internal/sys/arch.go 
src/runtime/pprof/elf.go errBadELF (= CALLFUNC), errNoBuildID (= CALLFUNC)
src/runtime/pprof/elf.go errBadELF (= CALLFUNC), errNoBuildID (= CALLFUNC)
src/runtime/pprof/internal/profile/encode.go countStartRE (= CALLFUNC), countRE (= CALLFUNC), heapHeaderRE (= CALLFUNC), heapSampleRE (= CALLFUNC), contentionSampleRE (= CALLFUNC), hexNumberRE (= CALLFUNC), growthHeaderRE (= CALLFUNC), fragmentationHeaderRE (= CALLFUNC), threadzStartRE (= CALLFUNC), threadStartRE (= CALLFUNC), procMapsRE (= CALLFUNC), briefMapsRE (= CALLFUNC), allocRxStr (= CALLFUNC), allocSkipRxStr (= CALLFUNC), cpuProfilerRxStr (= CALLFUNC), lockRxStr (= CALLFUNC), errUnrecognized (= CALLFUNC), errMalformed (= CALLFUNC), libRx (= CALLFUNC)
src/runtime/race/doc.go 
src/runtime/trace/annotation.go 
src/runtime/trace/annotation.go 
src/sort/search.go 
src/sort/search.go 
src/sort/search.go 
src/strconv/atob.go ErrRange (= CALLFUNC), ErrSyntax (= CALLFUNC)
src/strconv/atob.go ErrRange (= CALLFUNC), ErrSyntax (= CALLFUNC)
src/strconv/atob.go ErrRange (= CALLFUNC), ErrSyntax (= CALLFUNC)
src/strings/builder.go 
src/strings/builder.go 
src/strings/builder.go 
src/sync/atomic/doc.go 
src/sync/atomic/doc.go 
src/sync/atomic/doc.go 
src/sync/cond.go expunged (= CONVNOP)
src/sync/cond.go expunged (= CONVNOP)
src/sync/cond.go expunged (= CONVNOP)
src/syscall/bpf_darwin.go envs (= CALLFUNC), minRoutingSockaddrLen (= CALLFUNC), statictmp_47 (= MAKEMAP)
src/syscall/bpf_darwin.go envs (= CALLFUNC), minRoutingSockaddrLen (= CALLFUNC), statictmp_47 (= MAKEMAP)
src/syscall/bpf_darwin.go envs (= CALLFUNC), minRoutingSockaddrLen (= CALLFUNC), statictmp_47 (= MAKEMAP)
src/testing/allocs.go matchBenchmarks (= CALLFUNC), benchmarkMemory (= CALLFUNC), short (= CALLFUNC), failFast (= CALLFUNC), outputDir (= CALLFUNC), chatty (= CALLFUNC), count (= CALLFUNC), coverProfile (= CALLFUNC), matchList (= CALLFUNC), match (= CALLFUNC), memProfile (= CALLFUNC), memProfileRate (= CALLFUNC), cpuProfile (= CALLFUNC), blockProfile (= CALLFUNC), blockProfileRate (= CALLFUNC), mutexProfile (= CALLFUNC), mutexProfileFraction (= CALLFUNC), traceFile (= CALLFUNC), timeout (= CALLFUNC), cpuListStr (= CALLFUNC), parallel (= CALLFUNC), testlog (= CALLFUNC), errNilPanicOrGoexit (= CALLFUNC), errMain (= CALLFUNC)
src/testing/internal/testdeps/deps.go 
src/testing/iotest/logger.go ErrTimeout (= CALLFUNC)
src/testing/quick/quick.go defaultMaxCount (= CALLFUNC)
src/text/scanner/scanner.go tokenString (= MAPLIT)
src/text/scanner/scanner.go tokenString (= MAPLIT)
src/text/tabwriter/tabwriter.go 
src/text/tabwriter/tabwriter.go 
src/text/template/doc.go maxExecDepth (= CALLFUNC), missingVal (= CALLFUNC), errorType (= CALLINTER), fmtStringerType (= CALLINTER), reflectValueType (= CALLINTER), errBadComparisonType (= CALLFUNC), errNoComparison (= CALLFUNC), errBadComparison (= CALLFUNC), builtins (= MAPLIT), builtinFuncs (= CALLFUNC)
src/text/template/doc.go maxExecDepth (= CALLFUNC), missingVal (= CALLFUNC), errorType (= CALLINTER), fmtStringerType (= CALLINTER), reflectValueType (= CALLINTER), errBadComparisonType (= CALLFUNC), errNoComparison (= CALLFUNC), errBadComparison (= CALLFUNC), builtins (= MAPLIT), builtinFuncs (= CALLFUNC)
src/text/template/doc.go maxExecDepth (= CALLFUNC), missingVal (= CALLFUNC), errorType (= CALLINTER), fmtStringerType (= CALLINTER), reflectValueType (= CALLINTER), errBadComparisonType (= CALLFUNC), errNoComparison (= CALLFUNC), errBadComparison (= CALLFUNC), builtins (= MAPLIT), builtinFuncs (= CALLFUNC)
src/text/template/parse/lex.go key (= MAPLIT)
src/text/template/parse/lex.go key (= MAPLIT)
src/text/template/parse/lex.go key (= MAPLIT)
src/time/format.go atoiError (= CALLFUNC), errBad (= CALLFUNC), errLeadingInt (= CALLFUNC), unitMap (= MAPLIT), startNano (= -), errLocation (= CALLFUNC), badData (= CALLFUNC), statictmp_21 (= +)
src/time/format.go atoiError (= CALLFUNC), errBad (= CALLFUNC), errLeadingInt (= CALLFUNC), unitMap (= MAPLIT), startNano (= -), errLocation (= CALLFUNC), badData (= CALLFUNC), statictmp_21 (= +)
src/time/format.go atoiError (= CALLFUNC), errBad (= CALLFUNC), errLeadingInt (= CALLFUNC), unitMap (= MAPLIT), startNano (= -), errLocation (= CALLFUNC), badData (= CALLFUNC), statictmp_21 (= +)
src/unicode/casetables.go Categories (= MAPLIT), Scripts (= MAPLIT), Properties (= MAPLIT), FoldCategory (= MAPLIT), FoldScript (= MAPLIT)
src/unicode/casetables.go Categories (= MAPLIT), Scripts (= MAPLIT), Properties (= MAPLIT), FoldCategory (= MAPLIT), FoldScript (= MAPLIT)
src/unicode/casetables.go Categories (= MAPLIT), Scripts (= MAPLIT), Properties (= MAPLIT), FoldCategory (= MAPLIT), FoldScript (= MAPLIT)
src/unicode/utf16/utf16.go 
src/unicode/utf16/utf16.go 
src/unicode/utf16/utf16.go 
src/unicode/utf8/utf8.go 
src/unicode/utf8/utf8.go 
src/unicode/utf8/utf8.go 
src/vendor/golang_org/x/crypto/chacha20poly1305/chacha20poly1305.go errOpen (= CALLFUNC), useASM (= DOT), useAVX2 (= &&)
src/vendor/golang_org/x/crypto/cryptobyte/asn1.go bigIntType (= CALLINTER), bigOne (= CALLFUNC)
src/vendor/golang_org/x/crypto/cryptobyte/asn1/asn1.go 
src/vendor/golang_org/x/crypto/curve25519/doc.go 
src/vendor/golang_org/x/crypto/hkdf/hkdf.go 
src/vendor/golang_org/x/crypto/internal/chacha20/chacha_generic.go 
src/vendor/golang_org/x/crypto/poly1305/poly1305.go 
src/vendor/golang_org/x/net/dns/dnsmessage/message.go ErrNotStarted (= CALLFUNC), ErrSectionDone (= CALLFUNC), errBaseLen (= CALLFUNC), errCalcLen (= CALLFUNC), errReserved (= CALLFUNC), errTooManyPtr (= CALLFUNC), errInvalidPtr (= CALLFUNC), errNilResouceBody (= CALLFUNC), errResourceLen (= CALLFUNC), errSegTooLong (= CALLFUNC), errZeroSegLen (= CALLFUNC), errResTooLong (= CALLFUNC), errTooManyQuestions (= CALLFUNC), errTooManyAnswers (= CALLFUNC), errTooManyAuthorities (= CALLFUNC), errTooManyAdditionals (= CALLFUNC), errNonCanonicalName (= CALLFUNC), errStringTooLong (= CALLFUNC), errCompressedSRV (= CALLFUNC), sectionNames (= MAPLIT)
src/vendor/golang_org/x/net/http/httpguts/guts.go badTrailer (= MAPLIT)
src/vendor/golang_org/x/net/http/httpproxy/proxy.go portMap (= MAPLIT)
src/vendor/golang_org/x/net/http2/hpack/encode.go ErrStringLength (= CALLFUNC), errNeedMore (= CALLFUNC), errVarintOverflow (= CALLFUNC), ErrInvalidHuffman (= CALLFUNC), staticTable (= CALLFUNC)
src/vendor/golang_org/x/net/idna/idna.go idnaSparse (= SLICEARR), idnaSparse (= SLICE)
src/vendor/golang_org/x/net/internal/nettest/helper_bsd.go 
src/vendor/golang_org/x/net/nettest/conntest.go aLongTimeAgo (= CALLFUNC)
src/vendor/golang_org/x/net/route/address.go errUnsupportedMessage (= CALLFUNC), errMessageMismatch (= CALLFUNC), errMessageTooShort (= CALLFUNC), errInvalidMessage (= CALLFUNC), errInvalidAddr (= CALLFUNC), errShortBuffer (= CALLFUNC)
src/vendor/golang_org/x/text/secure/bidirule/bidirule.go ErrInvalid (= CALLFUNC)
src/vendor/golang_org/x/text/secure/doc.go 
src/vendor/golang_org/x/text/transform/transform.go ErrShortDst (= CALLFUNC), ErrShortSrc (= CALLFUNC), ErrEndOfSpan (= CALLFUNC), errInconsistentByteCount (= CALLFUNC), errShortInternal (= CALLFUNC)
src/vendor/golang_org/x/text/unicode/bidi/bidi.go trie (= CALLFUNC), controlToClass (= MAPLIT)
src/vendor/golang_org/x/text/unicode/doc.go 
src/vendor/golang_org/x/text/unicode/norm/composition.go nfcSparse (= SLICEARR), nfcSparse (= SLICE), nfcData (= CALLFUNC), recompMap (= MAPLIT), nfkcSparse (= SLICEARR), nfkcSparse (= SLICE), nfkcData (= CALLFUNC), statictmp_40 (= NAME), statictmp_40 (= NAME)
uild451053831/b183/_cgo_gotypes.go 
